2025-09-19 23:53:11,213 INFO o.a.j.u.JMeterUtils: Setting Locale to en_EN
2025-09-19 23:53:11,244 INFO o.a.j.JMeter: Loading user properties from: M:\JMeter\apache-jmeter-5.6.3\apache-jmeter-5.6.3\bin\user.properties
2025-09-19 23:53:11,245 INFO o.a.j.JMeter: Loading system properties from: M:\JMeter\apache-jmeter-5.6.3\apache-jmeter-5.6.3\bin\system.properties
2025-09-19 23:53:11,246 INFO o.a.j.JMeter: Setting JMeter property: API_KEY=cbcbd369be7746678b430028251909
2025-09-19 23:53:11,246 INFO o.a.j.JMeter: Setting JMeter property: users=100
2025-09-19 23:53:11,246 INFO o.a.j.JMeter: Setting JMeter property: ramp=20
2025-09-19 23:53:11,246 INFO o.a.j.JMeter: Setting JMeter property: loops=5
2025-09-19 23:53:11,256 INFO o.a.j.JMeter: Copyright (c) 1998-2024 The Apache Software Foundation
2025-09-19 23:53:11,259 INFO o.a.j.JMeter: Version 5.6.3
2025-09-19 23:53:11,259 INFO o.a.j.JMeter: java.version=23.0.1
2025-09-19 23:53:11,260 INFO o.a.j.JMeter: java.vm.name=Java HotSpot(TM) 64-Bit Server VM
2025-09-19 23:53:11,260 INFO o.a.j.JMeter: os.name=Windows 11
2025-09-19 23:53:11,260 INFO o.a.j.JMeter: os.arch=amd64
2025-09-19 23:53:11,260 INFO o.a.j.JMeter: os.version=10.0
2025-09-19 23:53:11,260 INFO o.a.j.JMeter: file.encoding=UTF-8
2025-09-19 23:53:11,260 INFO o.a.j.JMeter: java.awt.headless=true
2025-09-19 23:53:11,260 INFO o.a.j.JMeter: Max memory     =1073741824
2025-09-19 23:53:11,260 INFO o.a.j.JMeter: Available Processors =16
2025-09-19 23:53:11,281 INFO o.a.j.JMeter: Default Locale=English (EN)
2025-09-19 23:53:11,282 INFO o.a.j.JMeter: JMeter  Locale=English (EN)
2025-09-19 23:53:11,282 INFO o.a.j.JMeter: JMeterHome=M:\JMeter\apache-jmeter-5.6.3\apache-jmeter-5.6.3
2025-09-19 23:53:11,282 INFO o.a.j.JMeter: user.dir  =M:\JMeter\Jmeter Projects\WeatherAPI
2025-09-19 23:53:11,283 INFO o.a.j.JMeter: PWD       =M:\JMeter\Jmeter Projects\WeatherAPI
2025-09-19 23:53:11,292 INFO o.a.j.JMeter: IP: 172.26.16.1 Name: Mahamudul-Hasan FullName: Mahamudul-Hasan.mshome.net
2025-09-19 23:53:11,326 INFO o.a.j.JMeter: Setting property 'jmeter.reportgenerator.outputdir' to:'M:\JMeter\Jmeter Projects\WeatherAPI\.\report_500'
2025-09-19 23:53:11,331 INFO o.a.j.s.FileServer: Default base='M:\JMeter\Jmeter Projects\WeatherAPI'
2025-09-19 23:53:11,333 INFO o.a.j.s.FileServer: Set new base='M:\JMeter\Jmeter Projects\WeatherAPI'
2025-09-19 23:53:11,704 INFO o.a.j.s.SaveService: Testplan (JMX) version: 2.2. Testlog (JTL) version: 2.2
2025-09-19 23:53:11,748 INFO o.a.j.s.SaveService: Using SaveService properties version 5.0
2025-09-19 23:53:11,754 INFO o.a.j.s.SaveService: Using SaveService properties file encoding UTF-8
2025-09-19 23:53:11,763 INFO o.a.j.s.SaveService: Loading file: WeatherAPI_Test.jmx
2025-09-19 23:53:11,881 INFO o.a.j.p.h.s.HTTPSamplerBase: Parser for text/html is org.apache.jmeter.protocol.http.parser.LagartoBasedHtmlParser
2025-09-19 23:53:11,881 INFO o.a.j.p.h.s.HTTPSamplerBase: Parser for application/xhtml+xml is org.apache.jmeter.protocol.http.parser.LagartoBasedHtmlParser
2025-09-19 23:53:11,881 INFO o.a.j.p.h.s.HTTPSamplerBase: Parser for application/xml is org.apache.jmeter.protocol.http.parser.LagartoBasedHtmlParser
2025-09-19 23:53:11,881 INFO o.a.j.p.h.s.HTTPSamplerBase: Parser for text/xml is org.apache.jmeter.protocol.http.parser.LagartoBasedHtmlParser
2025-09-19 23:53:11,881 INFO o.a.j.p.h.s.HTTPSamplerBase: Parser for text/vnd.wap.wml is org.apache.jmeter.protocol.http.parser.RegexpHTMLParser
2025-09-19 23:53:11,881 INFO o.a.j.p.h.s.HTTPSamplerBase: Parser for text/css is org.apache.jmeter.protocol.http.parser.CssParser
2025-09-19 23:53:11,963 INFO o.a.j.JMeter: Creating summariser <summary>
2025-09-19 23:53:11,970 INFO o.a.j.r.d.ReportGenerator: ReportGenerator will use for Parsing the separator: ','
2025-09-19 23:53:11,970 INFO o.a.j.r.d.ReportGenerator: Will generate report at end of test from  results file: result_500.jtl
2025-09-19 23:53:11,970 INFO o.a.j.r.d.ReportGenerator: Reading report generator properties from: M:\JMeter\apache-jmeter-5.6.3\apache-jmeter-5.6.3\bin\reportgenerator.properties
2025-09-19 23:53:11,971 INFO o.a.j.r.d.ReportGenerator: Merging with JMeter properties
2025-09-19 23:53:11,978 INFO o.a.j.r.c.ReportGeneratorConfiguration: Property 'jmeter.reportgenerator.temp_dir' not found, using default value 'temp' instead.
2025-09-19 23:53:11,983 INFO o.a.j.r.c.ReportGeneratorConfiguration: Property 'jmeter.reportgenerator.apdex_per_transaction' not found, using default value 'null' instead.
2025-09-19 23:53:11,983 INFO o.a.j.r.c.ReportGeneratorConfiguration: apdex_per_transaction is empty, not APDEX per transaction customization
2025-09-19 23:53:11,983 INFO o.a.j.r.c.ReportGeneratorConfiguration: Property 'jmeter.reportgenerator.sample_filter' not found, using default value 'null' instead.
2025-09-19 23:53:11,983 INFO o.a.j.r.c.ReportGeneratorConfiguration: Property 'jmeter.reportgenerator.report_title' not found, using default value 'null' instead.
2025-09-19 23:53:11,983 INFO o.a.j.r.c.ReportGeneratorConfiguration: Property 'jmeter.reportgenerator.start_date' not found, using default value 'null' instead.
2025-09-19 23:53:11,983 INFO o.a.j.r.c.ReportGeneratorConfiguration: Property 'jmeter.reportgenerator.end_date' not found, using default value 'null' instead.
2025-09-19 23:53:11,983 INFO o.a.j.r.c.ReportGeneratorConfiguration: Property 'jmeter.reportgenerator.date_format' not found, using default value 'null' instead.
2025-09-19 23:53:11,984 INFO o.a.j.r.c.ReportGeneratorConfiguration: Will use date range start date: null, end date: null
2025-09-19 23:53:11,989 INFO o.a.j.r.c.ReportGeneratorConfiguration: Property 'jmeter.reportgenerator.graph.totalTPS.exclude_controllers' not found, using default value 'false' instead.
2025-09-19 23:53:11,989 INFO o.a.j.r.c.ReportGeneratorConfiguration: Property 'jmeter.reportgenerator.graph.activeThreadsOverTime.exclude_controllers' not found, using default value 'false' instead.
2025-09-19 23:53:11,989 INFO o.a.j.r.c.ReportGeneratorConfiguration: Property 'jmeter.reportgenerator.graph.timeVsThreads.exclude_controllers' not found, using default value 'false' instead.
2025-09-19 23:53:11,990 INFO o.a.j.r.c.ReportGeneratorConfiguration: Property 'jmeter.reportgenerator.graph.responseTimeDistribution.exclude_controllers' not found, using default value 'false' instead.
2025-09-19 23:53:11,990 INFO o.a.j.r.c.ReportGeneratorConfiguration: Property 'jmeter.reportgenerator.graph.transactionsPerSecond.exclude_controllers' not found, using default value 'false' instead.
2025-09-19 23:53:11,990 INFO o.a.j.r.c.ReportGeneratorConfiguration: Property 'jmeter.reportgenerator.graph.responseTimePercentiles.exclude_controllers' not found, using default value 'false' instead.
2025-09-19 23:53:11,990 INFO o.a.j.r.c.ReportGeneratorConfiguration: Property 'jmeter.reportgenerator.graph.responseTimePercentilesOverTime.exclude_controllers' not found, using default value 'false' instead.
2025-09-19 23:53:11,990 INFO o.a.j.r.c.ReportGeneratorConfiguration: Property 'jmeter.reportgenerator.graph.responseTimesOverTime.exclude_controllers' not found, using default value 'false' instead.
2025-09-19 23:53:11,991 INFO o.a.j.r.c.ReportGeneratorConfiguration: Property 'jmeter.reportgenerator.graph.connectTimeOverTime.exclude_controllers' not found, using default value 'false' instead.
2025-09-19 23:53:11,991 INFO o.a.j.r.c.ReportGeneratorConfiguration: Property 'jmeter.reportgenerator.graph.latenciesOverTime.exclude_controllers' not found, using default value 'false' instead.
2025-09-19 23:53:11,992 INFO o.a.j.r.c.ReportGeneratorConfiguration: Property 'jmeter.reportgenerator.exporter.json.filters_only_sample_series' not found, using default value 'true' instead.
2025-09-19 23:53:11,992 INFO o.a.j.r.c.ReportGeneratorConfiguration: Property 'jmeter.reportgenerator.exporter.json.series_filter' not found, using default value '' instead.
2025-09-19 23:53:11,992 INFO o.a.j.r.c.ReportGeneratorConfiguration: Property 'jmeter.reportgenerator.exporter.json.show_controllers_only' not found, using default value 'false' instead.
2025-09-19 23:53:11,993 INFO o.a.j.r.c.ReportGeneratorConfiguration: Property 'jmeter.reportgenerator.exporter.html.filters_only_sample_series' not found, using default value 'true' instead.
2025-09-19 23:53:11,994 INFO o.a.j.r.c.ReportGeneratorConfiguration: Property 'jmeter.reportgenerator.exporter.html.series_filter' not found, using default value '' instead.
2025-09-19 23:53:11,994 INFO o.a.j.r.c.ReportGeneratorConfiguration: Property 'jmeter.reportgenerator.exporter.html.show_controllers_only' not found, using default value 'false' instead.
2025-09-19 23:53:12,017 INFO o.a.j.e.StandardJMeterEngine: Running the test!
2025-09-19 23:53:12,019 INFO o.a.j.s.SampleEvent: List of sample_variables: []
2025-09-19 23:53:12,020 INFO o.a.j.s.SampleEvent: List of sample_variables: []
2025-09-19 23:53:12,030 INFO o.a.j.e.u.CompoundVariable: Note: Function class names must contain the string: '.functions.'
2025-09-19 23:53:12,030 INFO o.a.j.e.u.CompoundVariable: Note: Function class names must not contain the string: '.gui.'
2025-09-19 23:53:12,125 INFO o.a.j.r.ClassFinder: Will scan jar M:\JMeter\apache-jmeter-5.6.3\apache-jmeter-5.6.3\lib\ext\jmeter-plugins-casutg-3.1.1.jar with filter ExtendsClassFilter [parents=[interface org.apache.jmeter.functions.Function], inner=false, contains=null, notContains=null]. Consider exposing JMeter plugins via META-INF/services, and add JMeter-Skip-Class-Scanning=true manifest attribute so JMeter can skip classfile scanning
2025-09-19 23:53:12,149 INFO o.a.j.r.ClassFinder: Will scan jar M:\JMeter\apache-jmeter-5.6.3\apache-jmeter-5.6.3\lib\ext\jmeter-plugins-tst-2.6.jar with filter ExtendsClassFilter [parents=[interface org.apache.jmeter.functions.Function], inner=false, contains=null, notContains=null]. Consider exposing JMeter plugins via META-INF/services, and add JMeter-Skip-Class-Scanning=true manifest attribute so JMeter can skip classfile scanning
2025-09-19 23:53:12,153 INFO o.a.j.r.ClassFinder: Will scan jar M:\JMeter\apache-jmeter-5.6.3\apache-jmeter-5.6.3\lib\ext\jmeter-plugins-manager-1.11.jar with filter ExtendsClassFilter [parents=[interface org.apache.jmeter.functions.Function], inner=false, contains=null, notContains=null]. Consider exposing JMeter plugins via META-INF/services, and add JMeter-Skip-Class-Scanning=true manifest attribute so JMeter can skip classfile scanning
2025-09-19 23:53:12,641 INFO o.a.j.JMeter: Running test (1758304392641)
2025-09-19 23:53:12,665 INFO o.a.j.e.StandardJMeterEngine: Starting ThreadGroup: 1 : Thread Group WeatherAPI
2025-09-19 23:53:12,666 INFO o.a.j.e.StandardJMeterEngine: Starting 100 threads for group Thread Group WeatherAPI.
2025-09-19 23:53:12,666 INFO o.a.j.e.StandardJMeterEngine: Thread will continue on error
2025-09-19 23:53:12,666 INFO o.a.j.t.ThreadGroup: Starting thread group... number=1 threads=100 ramp-up=20 delayedStart=false
2025-09-19 23:53:12,705 INFO o.a.j.t.JMeterThread: Thread started: Thread Group WeatherAPI 1-1
2025-09-19 23:53:12,710 INFO o.a.j.s.FileServer: Stored: M:/JMeter/Jmeter Projects/WeatherAPI/cities.csv
2025-09-19 23:53:12,805 INFO o.a.j.t.ThreadGroup: Started thread group number 1
2025-09-19 23:53:12,805 INFO o.a.j.e.StandardJMeterEngine: All thread groups have been started
2025-09-19 23:53:12,865 INFO o.a.j.p.h.s.HTTPHCAbstractImpl: Local host = Mahamudul-Hasan
2025-09-19 23:53:12,888 INFO o.a.j.p.h.s.HTTPHC4Impl: HTTP request retry count = 0
2025-09-19 23:53:12,893 INFO o.a.j.s.SampleResult: Note: Sample TimeStamps are START times
2025-09-19 23:53:12,893 INFO o.a.j.s.SampleResult: sampleresult.default.encoding is set to UTF-8
2025-09-19 23:53:12,894 INFO o.a.j.s.SampleResult: sampleresult.useNanoTime=true
2025-09-19 23:53:12,894 INFO o.a.j.s.SampleResult: sampleresult.nanoThreadSleep=5000
2025-09-19 23:53:12,899 INFO o.a.j.t.JMeterThread: Thread started: Thread Group WeatherAPI 1-2
2025-09-19 23:53:13,098 INFO o.a.j.t.JMeterThread: Thread started: Thread Group WeatherAPI 1-3
2025-09-19 23:53:13,100 WARN k.a.j.t.VariableThroughputTimer: No free threads available in current Thread Group Thread Group WeatherAPI, made 1 samples/s for expected rps 2.5 samples/s, increase your number of threads
2025-09-19 23:53:13,199 INFO o.a.j.p.h.s.h.LazyLayeredConnectionSocketFactory: Setting up HTTPS TrustAll Socket Factory
2025-09-19 23:53:13,210 INFO o.a.j.u.JsseSSLManager: Using default SSL protocol: TLS
2025-09-19 23:53:13,210 INFO o.a.j.u.JsseSSLManager: SSL session context: per-thread
2025-09-19 23:53:13,297 INFO o.a.j.t.JMeterThread: Thread started: Thread Group WeatherAPI 1-4
2025-09-19 23:53:13,298 WARN k.a.j.t.VariableThroughputTimer: No free threads available in current Thread Group Thread Group WeatherAPI, made 1 samples/s for expected rps 4.285714285714286 samples/s, increase your number of threads
2025-09-19 23:53:13,356 INFO o.a.j.u.SSLManager: JmeterKeyStore Location:  type JKS
2025-09-19 23:53:13,363 INFO o.a.j.u.SSLManager: KeyStore created OK
2025-09-19 23:53:13,363 WARN o.a.j.u.SSLManager: Keystore file not found, loading empty keystore
2025-09-19 23:53:13,497 INFO o.a.j.t.JMeterThread: Thread started: Thread Group WeatherAPI 1-5
2025-09-19 23:53:13,693 INFO o.a.j.t.JMeterThread: Thread started: Thread Group WeatherAPI 1-6
2025-09-19 23:53:13,891 INFO o.a.j.t.JMeterThread: Thread started: Thread Group WeatherAPI 1-7
2025-09-19 23:53:14,090 INFO o.a.j.t.JMeterThread: Thread started: Thread Group WeatherAPI 1-8
2025-09-19 23:53:14,290 INFO o.a.j.t.JMeterThread: Thread started: Thread Group WeatherAPI 1-9
2025-09-19 23:53:14,291 WARN k.a.j.t.VariableThroughputTimer: No free threads available in current Thread Group Thread Group WeatherAPI, made 2 samples/s for expected rps 8.571428571428571 samples/s, increase your number of threads
2025-09-19 23:53:14,487 INFO o.a.j.t.JMeterThread: Thread started: Thread Group WeatherAPI 1-10
2025-09-19 23:53:14,686 INFO o.a.j.t.JMeterThread: Thread started: Thread Group WeatherAPI 1-11
2025-09-19 23:53:14,884 INFO o.a.j.t.JMeterThread: Thread started: Thread Group WeatherAPI 1-12
2025-09-19 23:53:15,084 INFO o.a.j.t.JMeterThread: Thread started: Thread Group WeatherAPI 1-13
2025-09-19 23:53:15,085 WARN k.a.j.t.VariableThroughputTimer: No free threads available in current Thread Group Thread Group WeatherAPI, made 3 samples/s for expected rps 12.857142857142858 samples/s, increase your number of threads
2025-09-19 23:53:15,283 INFO o.a.j.t.JMeterThread: Thread started: Thread Group WeatherAPI 1-14
2025-09-19 23:53:15,470 INFO o.a.j.e.J.JSR223 PostProcessor: ✅ Data OK for city: Angola
2025-09-19 23:53:15,470 INFO o.a.j.e.J.JSR223 PostProcessor: ✅ Data OK for city: Australia
2025-09-19 23:53:15,470 INFO o.a.j.e.J.JSR223 PostProcessor: ✅ Data OK for city: country
2025-09-19 23:53:15,470 INFO o.a.j.e.J.JSR223 PostProcessor: ✅ Data OK for city: Albania
2025-09-19 23:53:15,470 INFO o.a.j.e.J.JSR223 PostProcessor: ✅ Data OK for city: Bahamas
2025-09-19 23:53:15,470 INFO o.a.j.e.J.JSR223 PostProcessor: ✅ Data OK for city: Barbados
2025-09-19 23:53:15,470 INFO o.a.j.e.J.JSR223 PostProcessor: ✅ Data OK for city: Argentina
2025-09-19 23:53:15,470 INFO o.a.j.e.J.JSR223 PostProcessor: ✅ Data OK for city: Bangladesh
2025-09-19 23:53:15,470 INFO o.a.j.e.J.JSR223 PostProcessor: ✅ Data OK for city: Andorra
2025-09-19 23:53:15,481 INFO o.a.j.t.JMeterThread: Thread started: Thread Group WeatherAPI 1-15
2025-09-19 23:53:15,575 INFO o.a.j.e.J.JSR223 PostProcessor: ✅ Data OK for city: Belgium
2025-09-19 23:53:15,680 INFO o.a.j.t.JMeterThread: Thread started: Thread Group WeatherAPI 1-16
2025-09-19 23:53:15,697 INFO o.a.j.e.J.JSR223 PostProcessor: ✅ Data OK for city: Benin
2025-09-19 23:53:15,800 INFO o.a.j.e.J.JSR223 PostProcessor: ✅ Data OK for city: Cabo Verde
2025-09-19 23:53:15,876 INFO o.a.j.t.JMeterThread: Thread started: Thread Group WeatherAPI 1-17
2025-09-19 23:53:15,936 INFO o.a.j.e.J.JSR223 PostProcessor: ✅ Data OK for city: Canada
2025-09-19 23:53:16,027 INFO o.a.j.e.J.JSR223 PostProcessor: ✅ Data OK for city: Chad
2025-09-19 23:53:16,028 WARN k.a.j.t.VariableThroughputTimer: No free threads available in current Thread Group Thread Group WeatherAPI, made 10 samples/s for expected rps 17.142857142857142 samples/s, increase your number of threads
2025-09-19 23:53:16,076 INFO o.a.j.t.JMeterThread: Thread started: Thread Group WeatherAPI 1-18
2025-09-19 23:53:16,166 INFO o.a.j.e.J.JSR223 PostProcessor: ✅ Data OK for city: Congo
2025-09-19 23:53:16,255 INFO o.a.j.e.J.JSR223 PostProcessor: ✅ Data OK for city: Congo
2025-09-19 23:53:16,274 INFO o.a.j.t.JMeterThread: Thread started: Thread Group WeatherAPI 1-19
2025-09-19 23:53:16,315 INFO o.a.j.t.JMeterThread: Thread is done: Thread Group WeatherAPI 1-10
2025-09-19 23:53:16,315 INFO o.a.j.t.JMeterThread: Thread finished: Thread Group WeatherAPI 1-10
2025-09-19 23:53:16,446 INFO o.a.j.e.J.JSR223 PostProcessor: ✅ Data OK for city: Cuba
2025-09-19 23:53:16,446 INFO o.a.j.t.JMeterThread: Thread is done: Thread Group WeatherAPI 1-7
2025-09-19 23:53:16,447 INFO o.a.j.t.JMeterThread: Thread finished: Thread Group WeatherAPI 1-7
2025-09-19 23:53:16,474 INFO o.a.j.t.JMeterThread: Thread started: Thread Group WeatherAPI 1-20
2025-09-19 23:53:16,525 INFO o.a.j.e.J.JSR223 PostProcessor: ✅ Data OK for city: Dominica
2025-09-19 23:53:16,575 INFO o.a.j.t.JMeterThread: Thread is done: Thread Group WeatherAPI 1-3
2025-09-19 23:53:16,575 INFO o.a.j.t.JMeterThread: Thread finished: Thread Group WeatherAPI 1-3
2025-09-19 23:53:16,670 INFO o.a.j.t.JMeterThread: Thread started: Thread Group WeatherAPI 1-21
2025-09-19 23:53:16,736 INFO o.a.j.e.J.JSR223 PostProcessor: ✅ Data OK for city: Bhutan
2025-09-19 23:53:16,753 INFO o.a.j.e.J.JSR223 PostProcessor: ✅ Data OK for city: Egypt
2025-09-19 23:53:16,845 INFO o.a.j.e.J.JSR223 PostProcessor: ✅ Data OK for city: Dominican Republic
2025-09-19 23:53:16,871 INFO o.a.j.t.JMeterThread: Thread started: Thread Group WeatherAPI 1-22
2025-09-19 23:53:16,887 INFO o.a.j.e.J.JSR223 PostProcessor: ✅ Data OK for city: Austria
2025-09-19 23:53:16,962 INFO o.a.j.e.J.JSR223 PostProcessor: ✅ Data OK for city: Colombia
2025-09-19 23:53:16,962 INFO o.a.j.e.J.JSR223 PostProcessor: ✅ Data OK for city: Equatorial Guinea
2025-09-19 23:53:17,056 INFO o.a.j.t.JMeterThread: Thread is done: Thread Group WeatherAPI 1-5
2025-09-19 23:53:17,057 INFO o.a.j.t.JMeterThread: Thread finished: Thread Group WeatherAPI 1-5
2025-09-19 23:53:17,057 INFO o.a.j.e.J.JSR223 PostProcessor: ✅ Data OK for city: Burkina Faso
2025-09-19 23:53:17,057 WARN k.a.j.t.VariableThroughputTimer: No free threads available in current Thread Group Thread Group WeatherAPI, made 9 samples/s for expected rps 21.428571428571427 samples/s, increase your number of threads
2025-09-19 23:53:17,070 INFO o.a.j.t.JMeterThread: Thread started: Thread Group WeatherAPI 1-23
2025-09-19 23:53:17,161 INFO o.a.j.e.J.JSR223 PostProcessor: ✅ Data OK for city: Finland
2025-09-19 23:53:17,271 INFO o.a.j.t.JMeterThread: Thread started: Thread Group WeatherAPI 1-24
2025-09-19 23:53:17,389 INFO o.a.j.e.J.JSR223 PostProcessor: ✅ Data OK for city: Germany
2025-09-19 23:53:17,389 INFO o.a.j.e.J.JSR223 PostProcessor: ✅ Data OK for city: Denmark
2025-09-19 23:53:17,470 INFO o.a.j.t.JMeterThread: Thread started: Thread Group WeatherAPI 1-25
2025-09-19 23:53:17,487 INFO o.a.j.e.J.JSR223 PostProcessor: ✅ Data OK for city: Georgia
2025-09-19 23:53:17,557 INFO o.a.j.e.J.JSR223 PostProcessor: ✅ Data OK for city: Guatemala
2025-09-19 23:53:17,606 INFO o.a.j.t.JMeterThread: Thread is done: Thread Group WeatherAPI 1-8
2025-09-19 23:53:17,606 INFO o.a.j.t.JMeterThread: Thread finished: Thread Group WeatherAPI 1-8
2025-09-19 23:53:17,644 INFO o.a.j.e.J.JSR223 PostProcessor: ✅ Data OK for city: Greece
2025-09-19 23:53:17,670 INFO o.a.j.t.JMeterThread: Thread started: Thread Group WeatherAPI 1-26
2025-09-19 23:53:17,690 INFO o.a.j.e.J.JSR223 PostProcessor: ✅ Data OK for city: Guyana
2025-09-19 23:53:17,690 INFO o.a.j.t.JMeterThread: Thread is done: Thread Group WeatherAPI 1-2
2025-09-19 23:53:17,690 INFO o.a.j.t.JMeterThread: Thread finished: Thread Group WeatherAPI 1-2
2025-09-19 23:53:17,780 INFO o.a.j.e.J.JSR223 PostProcessor: ✅ Data OK for city: India
2025-09-19 23:53:17,868 INFO o.a.j.t.JMeterThread: Thread started: Thread Group WeatherAPI 1-27
2025-09-19 23:53:17,922 INFO o.a.j.e.J.JSR223 PostProcessor: ✅ Data OK for city: Iran
2025-09-19 23:53:17,923 INFO o.a.j.t.JMeterThread: Thread is done: Thread Group WeatherAPI 1-14
2025-09-19 23:53:17,923 INFO o.a.j.t.JMeterThread: Thread finished: Thread Group WeatherAPI 1-14
2025-09-19 23:53:18,051 INFO o.a.j.e.J.JSR223 PostProcessor: ✅ Data OK for city: Cote d'Ivoire
2025-09-19 23:53:18,066 WARN k.a.j.t.VariableThroughputTimer: No free threads available in current Thread Group Thread Group WeatherAPI, made 9 samples/s for expected rps 25.714285714285715 samples/s, increase your number of threads
2025-09-19 23:53:18,069 INFO o.a.j.t.JMeterThread: Thread started: Thread Group WeatherAPI 1-28
2025-09-19 23:53:18,083 INFO o.a.j.e.J.JSR223 PostProcessor: ✅ Data OK for city: Italy
2025-09-19 23:53:18,106 INFO o.a.j.e.J.JSR223 PostProcessor: ✅ Data OK for city: Fiji
2025-09-19 23:53:18,150 INFO o.a.j.e.J.JSR223 PostProcessor: ✅ Data OK for city: Japan
2025-09-19 23:53:18,269 INFO o.a.j.t.JMeterThread: Thread started: Thread Group WeatherAPI 1-29
2025-09-19 23:53:18,285 INFO o.a.j.e.J.JSR223 PostProcessor: ✅ Data OK for city: Cyprus
2025-09-19 23:53:18,471 INFO o.a.j.t.JMeterThread: Thread started: Thread Group WeatherAPI 1-30
2025-09-19 23:53:18,540 INFO o.a.j.t.JMeterThread: Thread is done: Thread Group WeatherAPI 1-21
2025-09-19 23:53:18,540 INFO o.a.j.t.JMeterThread: Thread finished: Thread Group WeatherAPI 1-21
2025-09-19 23:53:18,585 INFO o.a.j.e.J.JSR223 PostProcessor: ✅ Data OK for city: Guinea-Bissau
2025-09-19 23:53:18,585 INFO o.a.j.e.J.JSR223 PostProcessor: ✅ Data OK for city: Kenya
2025-09-19 23:53:18,670 INFO o.a.j.t.JMeterThread: Thread started: Thread Group WeatherAPI 1-31
2025-09-19 23:53:18,773 INFO o.a.j.e.J.JSR223 PostProcessor: ✅ Data OK for city: Hungary
2025-09-19 23:53:18,773 INFO o.a.j.e.J.JSR223 PostProcessor: ✅ Data OK for city: Eritrea
2025-09-19 23:53:18,773 INFO o.a.j.t.JMeterThread: Thread is done: Thread Group WeatherAPI 1-15
2025-09-19 23:53:18,774 INFO o.a.j.t.JMeterThread: Thread finished: Thread Group WeatherAPI 1-15
2025-09-19 23:53:18,840 INFO o.a.j.e.J.JSR223 PostProcessor: ✅ Data OK for city: Chile
2025-09-19 23:53:18,869 INFO o.a.j.t.JMeterThread: Thread started: Thread Group WeatherAPI 1-32
2025-09-19 23:53:18,920 INFO o.a.j.e.J.JSR223 PostProcessor: ✅ Data OK for city: Cambodia
2025-09-19 23:53:18,920 INFO o.a.j.e.J.JSR223 PostProcessor: ✅ Data OK for city: Lithuania
2025-09-19 23:53:18,951 INFO o.a.j.e.J.JSR223 PostProcessor: ✅ Data OK for city: Lesotho
2025-09-19 23:53:18,951 INFO o.a.j.t.JMeterThread: Thread is done: Thread Group WeatherAPI 1-22
2025-09-19 23:53:18,951 INFO o.a.j.t.JMeterThread: Thread finished: Thread Group WeatherAPI 1-22
2025-09-19 23:53:19,007 INFO o.a.j.e.J.JSR223 PostProcessor: ✅ Data OK for city: Luxembourg
2025-09-19 23:53:19,008 WARN k.a.j.t.VariableThroughputTimer: No free threads available in current Thread Group Thread Group WeatherAPI, made 8 samples/s for expected rps 30.0 samples/s, increase your number of threads
2025-09-19 23:53:19,070 INFO o.a.j.t.JMeterThread: Thread started: Thread Group WeatherAPI 1-33
2025-09-19 23:53:19,093 INFO o.a.j.t.JMeterThread: Thread is done: Thread Group WeatherAPI 1-11
2025-09-19 23:53:19,093 INFO o.a.j.t.JMeterThread: Thread finished: Thread Group WeatherAPI 1-11
2025-09-19 23:53:19,094 INFO o.a.j.e.J.JSR223 PostProcessor: ✅ Data OK for city: Malawi
2025-09-19 23:53:19,147 INFO o.a.j.e.J.JSR223 PostProcessor: ✅ Data OK for city: Maldives
2025-09-19 23:53:19,175 INFO o.a.j.t.JMeterThread: Thread is done: Thread Group WeatherAPI 1-19
2025-09-19 23:53:19,176 INFO o.a.j.t.JMeterThread: Thread finished: Thread Group WeatherAPI 1-19
2025-09-19 23:53:19,265 INFO o.a.j.e.J.JSR223 PostProcessor: ✅ Data OK for city: Kosovo
2025-09-19 23:53:19,270 INFO o.a.j.t.JMeterThread: Thread started: Thread Group WeatherAPI 1-34
2025-09-19 23:53:19,467 INFO o.a.j.t.JMeterThread: Thread started: Thread Group WeatherAPI 1-35
2025-09-19 23:53:19,486 INFO o.a.j.e.J.JSR223 PostProcessor: ❌ No data found for city: Mexico
2025-09-19 23:53:19,545 INFO o.a.j.e.J.JSR223 PostProcessor: ✅ Data OK for city: Marshall Islands
2025-09-19 23:53:19,545 INFO o.a.j.e.J.JSR223 PostProcessor: ✅ Data OK for city: Moldova
2025-09-19 23:53:19,545 INFO o.a.j.e.J.JSR223 PostProcessor: ✅ Data OK for city: Honduras
2025-09-19 23:53:19,667 INFO o.a.j.t.JMeterThread: Thread started: Thread Group WeatherAPI 1-36
2025-09-19 23:53:19,714 INFO o.a.j.e.J.JSR223 PostProcessor: ✅ Data OK for city: Bosnia and Herzegovina
2025-09-19 23:53:19,815 INFO o.a.j.e.J.JSR223 PostProcessor: ✅ Data OK for city: Montenegro
2025-09-19 23:53:19,858 INFO o.a.j.e.J.JSR223 PostProcessor: ✅ Data OK for city: Namibia
2025-09-19 23:53:19,869 INFO o.a.j.t.JMeterThread: Thread started: Thread Group WeatherAPI 1-37
2025-09-19 23:53:19,942 INFO o.a.j.e.J.JSR223 PostProcessor: ✅ Data OK for city: Lebanon
2025-09-19 23:53:19,945 INFO o.a.j.e.J.JSR223 PostProcessor: ❌ No data found for city: Eswatini
2025-09-19 23:53:19,945 INFO o.a.j.e.J.JSR223 PostProcessor: ✅ Data OK for city: Laos
2025-09-19 23:53:20,039 WARN k.a.j.t.VariableThroughputTimer: No free threads available in current Thread Group Thread Group WeatherAPI, made 10 samples/s for expected rps 31.363636363636363 samples/s, increase your number of threads
2025-09-19 23:53:20,069 INFO o.a.j.t.JMeterThread: Thread started: Thread Group WeatherAPI 1-38
2025-09-19 23:53:20,079 INFO o.a.j.e.J.JSR223 PostProcessor: ✅ Data OK for city: Nauru
2025-09-19 23:53:20,079 INFO o.a.j.e.J.JSR223 PostProcessor: ✅ Data OK for city: Iraq
2025-09-19 23:53:20,079 INFO o.a.j.e.J.JSR223 PostProcessor: ✅ Data OK for city: Libya
2025-09-19 23:53:20,083 INFO o.a.j.e.J.JSR223 PostProcessor: ✅ Data OK for city: Jordan
2025-09-19 23:53:20,146 INFO o.a.j.e.J.JSR223 PostProcessor: ✅ Data OK for city: Niger
2025-09-19 23:53:20,170 INFO o.a.j.t.JMeterThread: Thread is done: Thread Group WeatherAPI 1-17
2025-09-19 23:53:20,171 INFO o.a.j.t.JMeterThread: Thread finished: Thread Group WeatherAPI 1-17
2025-09-19 23:53:20,218 INFO o.a.j.e.J.JSR223 PostProcessor: ✅ Data OK for city: Netherlands
2025-09-19 23:53:20,248 INFO o.a.j.e.J.JSR223 PostProcessor: ✅ Data OK for city: Mongolia
2025-09-19 23:53:20,248 INFO o.a.j.t.JMeterThread: Thread is done: Thread Group WeatherAPI 1-24
2025-09-19 23:53:20,248 INFO o.a.j.t.JMeterThread: Thread finished: Thread Group WeatherAPI 1-24
2025-09-19 23:53:20,252 INFO o.a.j.e.J.JSR223 PostProcessor: ✅ Data OK for city: Nicaragua
2025-09-19 23:53:20,255 INFO o.a.j.e.J.JSR223 PostProcessor: ✅ Data OK for city: Oman
2025-09-19 23:53:20,255 INFO o.a.j.t.JMeterThread: Thread is done: Thread Group WeatherAPI 1-23
2025-09-19 23:53:20,255 INFO o.a.j.t.JMeterThread: Thread finished: Thread Group WeatherAPI 1-23
2025-09-19 23:53:20,269 INFO o.a.j.t.JMeterThread: Thread started: Thread Group WeatherAPI 1-39
2025-09-19 23:53:20,333 INFO o.a.j.t.JMeterThread: Thread is done: Thread Group WeatherAPI 1-9
2025-09-19 23:53:20,333 INFO o.a.j.t.JMeterThread: Thread finished: Thread Group WeatherAPI 1-9
2025-09-19 23:53:20,393 INFO o.a.j.e.J.JSR223 PostProcessor: ✅ Data OK for city: Poland
2025-09-19 23:53:20,399 INFO o.a.j.e.J.JSR223 PostProcessor: ✅ Data OK for city: Mauritius
2025-09-19 23:53:20,438 INFO o.a.j.e.J.JSR223 PostProcessor: ✅ Data OK for city: Palau
2025-09-19 23:53:20,438 INFO o.a.j.e.J.JSR223 PostProcessor: ✅ Data OK for city: Romania
2025-09-19 23:53:20,470 INFO o.a.j.t.JMeterThread: Thread started: Thread Group WeatherAPI 1-40
2025-09-19 23:53:20,615 INFO o.a.j.e.J.JSR223 PostProcessor: ✅ Data OK for city: North Korea
2025-09-19 23:53:20,615 INFO o.a.j.e.J.JSR223 PostProcessor: ✅ Data OK for city: Saint Kitts and Nevis
2025-09-19 23:53:20,620 INFO o.a.j.e.J.JSR223 PostProcessor: ✅ Data OK for city: Rwanda
2025-09-19 23:53:20,670 INFO o.a.j.t.JMeterThread: Thread started: Thread Group WeatherAPI 1-41
2025-09-19 23:53:20,710 INFO o.a.j.e.J.JSR223 PostProcessor: ✅ Data OK for city: Sao Tome and Principe
2025-09-19 23:53:20,800 INFO o.a.j.e.J.JSR223 PostProcessor: ✅ Data OK for city: Panama
2025-09-19 23:53:20,848 INFO o.a.j.e.J.JSR223 PostProcessor: ✅ Data OK for city: Seychelles
2025-09-19 23:53:20,869 INFO o.a.j.t.JMeterThread: Thread is done: Thread Group WeatherAPI 1-27
2025-09-19 23:53:20,869 INFO o.a.j.t.JMeterThread: Thread finished: Thread Group WeatherAPI 1-27
2025-09-19 23:53:20,869 INFO o.a.j.t.JMeterThread: Thread started: Thread Group WeatherAPI 1-42
2025-09-19 23:53:20,870 INFO o.a.j.e.J.JSR223 PostProcessor: ✅ Data OK for city: Papua New Guinea
2025-09-19 23:53:20,878 INFO o.a.j.e.J.JSR223 PostProcessor: ✅ Data OK for city: Slovakia
2025-09-19 23:53:20,879 INFO o.a.j.t.JMeterThread: Thread is done: Thread Group WeatherAPI 1-32
2025-09-19 23:53:20,879 INFO o.a.j.t.JMeterThread: Thread finished: Thread Group WeatherAPI 1-32
2025-09-19 23:53:20,935 INFO o.a.j.e.J.JSR223 PostProcessor: ✅ Data OK for city: Solomon Islands
2025-09-19 23:53:20,981 INFO o.a.j.e.J.JSR223 PostProcessor: ✅ Data OK for city: South Korea
2025-09-19 23:53:21,068 INFO o.a.j.e.J.JSR223 PostProcessor: ✅ Data OK for city: San Marino
2025-09-19 23:53:21,069 WARN k.a.j.t.VariableThroughputTimer: No free threads available in current Thread Group Thread Group WeatherAPI, made 16 samples/s for expected rps 32.72727272727273 samples/s, increase your number of threads
2025-09-19 23:53:21,069 INFO o.a.j.t.JMeterThread: Thread started: Thread Group WeatherAPI 1-43
2025-09-19 23:53:21,069 INFO o.a.j.e.J.JSR223 PostProcessor: ✅ Data OK for city: Spain
2025-09-19 23:53:21,203 INFO o.a.j.e.J.JSR223 PostProcessor: ✅ Data OK for city: Suriname
2025-09-19 23:53:21,203 INFO o.a.j.t.JMeterThread: Thread is done: Thread Group WeatherAPI 1-35
2025-09-19 23:53:21,203 INFO o.a.j.t.JMeterThread: Thread finished: Thread Group WeatherAPI 1-35
2025-09-19 23:53:21,263 INFO o.a.j.e.J.JSR223 PostProcessor: ✅ Data OK for city: Sri Lanka
2025-09-19 23:53:21,268 INFO o.a.j.t.JMeterThread: Thread started: Thread Group WeatherAPI 1-44
2025-09-19 23:53:21,312 INFO o.a.j.t.JMeterThread: Thread is done: Thread Group WeatherAPI 1-29
2025-09-19 23:53:21,312 INFO o.a.j.t.JMeterThread: Thread finished: Thread Group WeatherAPI 1-29
2025-09-19 23:53:21,316 INFO o.a.j.e.J.JSR223 PostProcessor: ✅ Data OK for city: Kuwait
2025-09-19 23:53:21,352 INFO o.a.j.e.J.JSR223 PostProcessor: ✅ Data OK for city: Peru
2025-09-19 23:53:21,428 INFO o.a.j.e.J.JSR223 PostProcessor: ✅ Data OK for city: Switzerland
2025-09-19 23:53:21,428 INFO o.a.j.e.J.JSR223 PostProcessor: ✅ Data OK for city: Thailand
2025-09-19 23:53:21,432 INFO o.a.j.e.J.JSR223 PostProcessor: ✅ Data OK for city: Brunei
2025-09-19 23:53:21,469 INFO o.a.j.t.JMeterThread: Thread started: Thread Group WeatherAPI 1-45
2025-09-19 23:53:21,531 INFO o.a.j.e.J.JSR223 PostProcessor: ✅ Data OK for city: Timor-Leste
2025-09-19 23:53:21,531 INFO o.a.j.t.JMeterThread: Thread is done: Thread Group WeatherAPI 1-30
2025-09-19 23:53:21,531 INFO o.a.j.t.JMeterThread: Thread finished: Thread Group WeatherAPI 1-30
2025-09-19 23:53:21,544 INFO o.a.j.e.J.JSR223 PostProcessor: ✅ Data OK for city: Tonga
2025-09-19 23:53:21,544 INFO o.a.j.e.J.JSR223 PostProcessor: ✅ Data OK for city: Somalia
2025-09-19 23:53:21,545 INFO o.a.j.t.JMeterThread: Thread is done: Thread Group WeatherAPI 1-4
2025-09-19 23:53:21,545 INFO o.a.j.t.JMeterThread: Thread is done: Thread Group WeatherAPI 1-34
2025-09-19 23:53:21,545 INFO o.a.j.t.JMeterThread: Thread finished: Thread Group WeatherAPI 1-4
2025-09-19 23:53:21,545 INFO o.a.j.t.JMeterThread: Thread finished: Thread Group WeatherAPI 1-34
2025-09-19 23:53:21,615 INFO o.a.j.e.J.JSR223 PostProcessor: ✅ Data OK for city: Turkey
2025-09-19 23:53:21,668 INFO o.a.j.t.JMeterThread: Thread started: Thread Group WeatherAPI 1-46
2025-09-19 23:53:21,704 INFO o.a.j.e.J.JSR223 PostProcessor: ✅ Data OK for city: Tuvalu
2025-09-19 23:53:21,705 INFO o.a.j.t.JMeterThread: Thread is done: Thread Group WeatherAPI 1-36
2025-09-19 23:53:21,705 INFO o.a.j.t.JMeterThread: Thread finished: Thread Group WeatherAPI 1-36
2025-09-19 23:53:21,786 INFO o.a.j.e.J.JSR223 PostProcessor: ✅ Data OK for city: United States
2025-09-19 23:53:21,839 INFO o.a.j.e.J.JSR223 PostProcessor: ✅ Data OK for city: Syria
2025-09-19 23:53:21,839 INFO o.a.j.e.J.JSR223 PostProcessor: ✅ Data OK for city: Ukraine
2025-09-19 23:53:21,869 INFO o.a.j.t.JMeterThread: Thread started: Thread Group WeatherAPI 1-47
2025-09-19 23:53:21,883 INFO o.a.j.t.JMeterThread: Thread is done: Thread Group WeatherAPI 1-37
2025-09-19 23:53:21,883 INFO o.a.j.t.JMeterThread: Thread finished: Thread Group WeatherAPI 1-37
2025-09-19 23:53:21,925 INFO o.a.j.e.J.JSR223 PostProcessor: ✅ Data OK for city: Sierra Leone
2025-09-19 23:53:21,926 INFO o.a.j.t.JMeterThread: Thread is done: Thread Group WeatherAPI 1-25
2025-09-19 23:53:21,926 INFO o.a.j.t.JMeterThread: Thread finished: Thread Group WeatherAPI 1-25
2025-09-19 23:53:21,964 INFO o.a.j.e.J.JSR223 PostProcessor: ✅ Data OK for city: Senegal
2025-09-19 23:53:22,019 INFO o.a.j.t.JMeterThread: Thread is done: Thread Group WeatherAPI 1-26
2025-09-19 23:53:22,019 INFO o.a.j.t.JMeterThread: Thread finished: Thread Group WeatherAPI 1-26
2025-09-19 23:53:22,029 WARN k.a.j.t.VariableThroughputTimer: No free threads available in current Thread Group Thread Group WeatherAPI, made 11 samples/s for expected rps 34.09090909090909 samples/s, increase your number of threads
2025-09-19 23:53:22,030 INFO o.a.j.e.J.JSR223 PostProcessor: ✅ Data OK for city: country
2025-09-19 23:53:22,032 INFO o.a.j.e.J.JSR223 PostProcessor: ✅ Data OK for city: Tunisia
2025-09-19 23:53:22,032 INFO o.a.j.e.J.JSR223 PostProcessor: ✅ Data OK for city: Mali
2025-09-19 23:53:22,033 INFO o.a.j.t.JMeterThread: Thread is done: Thread Group WeatherAPI 1-16
2025-09-19 23:53:22,033 INFO o.a.j.t.JMeterThread: Thread finished: Thread Group WeatherAPI 1-16
2025-09-19 23:53:22,058 INFO o.a.j.e.J.JSR223 PostProcessor: ✅ Data OK for city: Portugal
2025-09-19 23:53:22,059 INFO o.a.j.t.JMeterThread: Thread is done: Thread Group WeatherAPI 1-31
2025-09-19 23:53:22,059 INFO o.a.j.t.JMeterThread: Thread finished: Thread Group WeatherAPI 1-31
2025-09-19 23:53:22,068 INFO o.a.j.t.JMeterThread: Thread started: Thread Group WeatherAPI 1-48
2025-09-19 23:53:22,093 INFO o.a.j.e.J.JSR223 PostProcessor: ✅ Data OK for city: Vanuatu
2025-09-19 23:53:22,093 INFO o.a.j.e.J.JSR223 PostProcessor: ✅ Data OK for city: Albania
2025-09-19 23:53:22,147 INFO o.a.j.e.J.JSR223 PostProcessor: ✅ Data OK for city: Zimbabwe
2025-09-19 23:53:22,181 INFO o.a.j.t.JMeterThread: Thread is done: Thread Group WeatherAPI 1-38
2025-09-19 23:53:22,181 INFO o.a.j.t.JMeterThread: Thread finished: Thread Group WeatherAPI 1-38
2025-09-19 23:53:22,239 INFO o.a.j.e.J.JSR223 PostProcessor: ✅ Data OK for city: Argentina
2025-09-19 23:53:22,239 INFO o.a.j.e.J.JSR223 PostProcessor: ✅ Data OK for city: Yemen
2025-09-19 23:53:22,268 INFO o.a.j.t.JMeterThread: Thread started: Thread Group WeatherAPI 1-49
2025-09-19 23:53:22,297 INFO o.a.j.e.J.JSR223 PostProcessor: ✅ Data OK for city: Austria
2025-09-19 23:53:22,328 INFO o.a.j.e.J.JSR223 PostProcessor: ✅ Data OK for city: Uzbekistan
2025-09-19 23:53:22,389 INFO o.a.j.e.J.JSR223 PostProcessor: ✅ Data OK for city: Barbados
2025-09-19 23:53:22,425 INFO o.a.j.e.J.JSR223 PostProcessor: ✅ Data OK for city: Tajikistan
2025-09-19 23:53:22,461 INFO o.a.j.e.J.JSR223 PostProcessor: ✅ Data OK for city: Norway
2025-09-19 23:53:22,466 INFO o.a.j.e.J.JSR223 PostProcessor: ✅ Data OK for city: Venezuela
2025-09-19 23:53:22,470 INFO o.a.j.t.JMeterThread: Thread started: Thread Group WeatherAPI 1-50
2025-09-19 23:53:22,556 INFO o.a.j.e.J.JSR223 PostProcessor: ✅ Data OK for city: United Arab Emirates
2025-09-19 23:53:22,556 INFO o.a.j.t.JMeterThread: Thread is done: Thread Group WeatherAPI 1-28
2025-09-19 23:53:22,556 INFO o.a.j.t.JMeterThread: Thread finished: Thread Group WeatherAPI 1-28
2025-09-19 23:53:22,557 INFO o.a.j.t.JMeterThread: Thread is done: Thread Group WeatherAPI 1-41
2025-09-19 23:53:22,557 INFO o.a.j.t.JMeterThread: Thread finished: Thread Group WeatherAPI 1-41
2025-09-19 23:53:22,580 INFO o.a.j.e.J.JSR223 PostProcessor: ✅ Data OK for city: Bosnia and Herzegovina
2025-09-19 23:53:22,592 INFO o.a.j.t.JMeterThread: Thread is done: Thread Group WeatherAPI 1-42
2025-09-19 23:53:22,592 INFO o.a.j.t.JMeterThread: Thread finished: Thread Group WeatherAPI 1-42
2025-09-19 23:53:22,641 INFO o.a.j.e.J.JSR223 PostProcessor: ✅ Data OK for city: Bahamas
2025-09-19 23:53:22,641 INFO o.a.j.e.J.JSR223 PostProcessor: ✅ Data OK for city: Gabon
2025-09-19 23:53:22,641 INFO o.a.j.e.J.JSR223 PostProcessor: ✅ Data OK for city: Algeria
2025-09-19 23:53:22,642 INFO o.a.j.t.JMeterThread: Thread is done: Thread Group WeatherAPI 1-18
2025-09-19 23:53:22,642 INFO o.a.j.t.JMeterThread: Thread finished: Thread Group WeatherAPI 1-18
2025-09-19 23:53:22,669 INFO o.a.j.t.JMeterThread: Thread started: Thread Group WeatherAPI 1-51
2025-09-19 23:53:22,688 INFO o.a.j.t.JMeterThread: Thread is done: Thread Group WeatherAPI 1-44
2025-09-19 23:53:22,688 INFO o.a.j.t.JMeterThread: Thread finished: Thread Group WeatherAPI 1-44
2025-09-19 23:53:22,737 INFO o.a.j.e.J.JSR223 PostProcessor: ✅ Data OK for city: Belize
2025-09-19 23:53:22,737 INFO o.a.j.e.J.JSR223 PostProcessor: ✅ Data OK for city: Brunei
2025-09-19 23:53:22,737 INFO o.a.j.t.JMeterThread: Thread is done: Thread Group WeatherAPI 1-12
2025-09-19 23:53:22,737 INFO o.a.j.t.JMeterThread: Thread finished: Thread Group WeatherAPI 1-12
2025-09-19 23:53:22,793 INFO o.a.j.t.JMeterThread: Thread is done: Thread Group WeatherAPI 1-39
2025-09-19 23:53:22,793 INFO o.a.j.t.JMeterThread: Thread finished: Thread Group WeatherAPI 1-39
2025-09-19 23:53:22,793 INFO o.a.j.e.J.JSR223 PostProcessor: ✅ Data OK for city: Saint Vincent and the Grenadines
2025-09-19 23:53:22,794 INFO o.a.j.t.JMeterThread: Thread is done: Thread Group WeatherAPI 1-13
2025-09-19 23:53:22,794 INFO o.a.j.t.JMeterThread: Thread finished: Thread Group WeatherAPI 1-13
2025-09-19 23:53:22,869 INFO o.a.j.t.JMeterThread: Thread started: Thread Group WeatherAPI 1-52
2025-09-19 23:53:22,869 INFO o.a.j.e.J.JSR223 PostProcessor: ✅ Data OK for city: Mozambique
2025-09-19 23:53:22,911 INFO o.a.j.e.J.JSR223 PostProcessor: ✅ Data OK for city: Burundi
2025-09-19 23:53:23,005 WARN k.a.j.t.VariableThroughputTimer: No free threads available in current Thread Group Thread Group WeatherAPI, made 13 samples/s for expected rps 35.45454545454545 samples/s, increase your number of threads
2025-09-19 23:53:23,006 INFO o.a.j.e.J.JSR223 PostProcessor: ✅ Data OK for city: Bhutan
2025-09-19 23:53:23,008 INFO o.a.j.e.J.JSR223 PostProcessor: ✅ Data OK for city: Brazil
2025-09-19 23:53:23,069 INFO o.a.j.t.JMeterThread: Thread started: Thread Group WeatherAPI 1-53
2025-09-19 23:53:23,093 INFO o.a.j.e.J.JSR223 PostProcessor: ✅ Data OK for city: Chile
2025-09-19 23:53:23,146 INFO o.a.j.e.J.JSR223 PostProcessor: ✅ Data OK for city: Central African Republic
2025-09-19 23:53:23,146 INFO o.a.j.e.J.JSR223 PostProcessor: ✅ Data OK for city: Botswana
2025-09-19 23:53:23,153 INFO o.a.j.t.JMeterThread: Thread is done: Thread Group WeatherAPI 1-20
2025-09-19 23:53:23,153 INFO o.a.j.t.JMeterThread: Thread finished: Thread Group WeatherAPI 1-20
2025-09-19 23:53:23,185 INFO o.a.j.e.J.JSR223 PostProcessor: ✅ Data OK for city: Bahrain
2025-09-19 23:53:23,218 INFO o.a.j.e.J.JSR223 PostProcessor: ✅ Data OK for city: Congo
2025-09-19 23:53:23,218 INFO o.a.j.t.JMeterThread: Thread is done: Thread Group WeatherAPI 1-46
2025-09-19 23:53:23,218 INFO o.a.j.t.JMeterThread: Thread finished: Thread Group WeatherAPI 1-46
2025-09-19 23:53:23,266 INFO o.a.j.e.J.JSR223 PostProcessor: ✅ Data OK for city: Antigua and Barbuda
2025-09-19 23:53:23,268 INFO o.a.j.t.JMeterThread: Thread started: Thread Group WeatherAPI 1-54
2025-09-19 23:53:23,287 INFO o.a.j.e.J.JSR223 PostProcessor: ✅ Data OK for city: Cambodia
2025-09-19 23:53:23,287 INFO o.a.j.t.JMeterThread: Thread is done: Thread Group WeatherAPI 1-45
2025-09-19 23:53:23,287 INFO o.a.j.t.JMeterThread: Thread finished: Thread Group WeatherAPI 1-45
2025-09-19 23:53:23,314 INFO o.a.j.e.J.JSR223 PostProcessor: ✅ Data OK for city: Comoros
2025-09-19 23:53:23,325 INFO o.a.j.e.J.JSR223 PostProcessor: ✅ Data OK for city: Cote d'Ivoire
2025-09-19 23:53:23,325 INFO o.a.j.t.JMeterThread: Thread is done: Thread Group WeatherAPI 1-40
2025-09-19 23:53:23,325 INFO o.a.j.t.JMeterThread: Thread finished: Thread Group WeatherAPI 1-40
2025-09-19 23:53:23,331 INFO o.a.j.e.J.JSR223 PostProcessor: ✅ Data OK for city: Burkina Faso
2025-09-19 23:53:23,361 INFO o.a.j.e.J.JSR223 PostProcessor: ✅ Data OK for city: Cyprus
2025-09-19 23:53:23,410 INFO o.a.j.e.J.JSR223 PostProcessor: ✅ Data OK for city: Denmark
2025-09-19 23:53:23,468 INFO o.a.j.t.JMeterThread: Thread started: Thread Group WeatherAPI 1-55
2025-09-19 23:53:23,469 INFO o.a.j.t.JMeterThread: Thread is done: Thread Group WeatherAPI 1-47
2025-09-19 23:53:23,469 INFO o.a.j.t.JMeterThread: Thread finished: Thread Group WeatherAPI 1-47
2025-09-19 23:53:23,469 INFO o.a.j.e.J.JSR223 PostProcessor: ✅ Data OK for city: Armenia
2025-09-19 23:53:23,469 INFO o.a.j.e.J.JSR223 PostProcessor: ✅ Data OK for city: Canada
2025-09-19 23:53:23,470 INFO o.a.j.t.JMeterThread: Thread is done: Thread Group WeatherAPI 1-1
2025-09-19 23:53:23,470 INFO o.a.j.t.JMeterThread: Thread finished: Thread Group WeatherAPI 1-1
2025-09-19 23:53:23,498 INFO o.a.j.e.J.JSR223 PostProcessor: ✅ Data OK for city: Dominican Republic
2025-09-19 23:53:23,550 INFO o.a.j.e.J.JSR223 PostProcessor: ✅ Data OK for city: Egypt
2025-09-19 23:53:23,669 INFO o.a.j.t.JMeterThread: Thread started: Thread Group WeatherAPI 1-56
2025-09-19 23:53:23,693 INFO o.a.j.e.J.JSR223 PostProcessor: ✅ Data OK for city: Belgium
2025-09-19 23:53:23,723 INFO o.a.j.e.J.JSR223 PostProcessor: ✅ Data OK for city: El Salvador
2025-09-19 23:53:23,772 INFO o.a.j.e.J.JSR223 PostProcessor: ✅ Data OK for city: Eritrea
2025-09-19 23:53:23,772 INFO o.a.j.t.JMeterThread: Thread is done: Thread Group WeatherAPI 1-6
2025-09-19 23:53:23,772 INFO o.a.j.t.JMeterThread: Thread finished: Thread Group WeatherAPI 1-6
2025-09-19 23:53:23,784 INFO o.a.j.e.J.JSR223 PostProcessor: ✅ Data OK for city: Colombia
2025-09-19 23:53:23,819 INFO o.a.j.e.J.JSR223 PostProcessor: ❌ No data found for city: Eswatini
2025-09-19 23:53:23,820 INFO o.a.j.t.JMeterThread: Thread is done: Thread Group WeatherAPI 1-50
2025-09-19 23:53:23,820 INFO o.a.j.t.JMeterThread: Thread finished: Thread Group WeatherAPI 1-50
2025-09-19 23:53:23,820 INFO o.a.j.t.JMeterThread: Thread is done: Thread Group WeatherAPI 1-48
2025-09-19 23:53:23,820 INFO o.a.j.t.JMeterThread: Thread is done: Thread Group WeatherAPI 1-33
2025-09-19 23:53:23,820 INFO o.a.j.t.JMeterThread: Thread finished: Thread Group WeatherAPI 1-48
2025-09-19 23:53:23,820 INFO o.a.j.t.JMeterThread: Thread finished: Thread Group WeatherAPI 1-33
2025-09-19 23:53:23,868 INFO o.a.j.t.JMeterThread: Thread started: Thread Group WeatherAPI 1-57
2025-09-19 23:53:23,870 INFO o.a.j.e.J.JSR223 PostProcessor: ✅ Data OK for city: Croatia
2025-09-19 23:53:23,870 INFO o.a.j.e.J.JSR223 PostProcessor: ✅ Data OK for city: Finland
2025-09-19 23:53:23,871 INFO o.a.j.t.JMeterThread: Thread is done: Thread Group WeatherAPI 1-49
2025-09-19 23:53:23,871 INFO o.a.j.t.JMeterThread: Thread finished: Thread Group WeatherAPI 1-49
2025-09-19 23:53:23,905 INFO o.a.j.e.J.JSR223 PostProcessor: ✅ Data OK for city: Gabon
2025-09-19 23:53:23,976 INFO o.a.j.e.J.JSR223 PostProcessor: ✅ Data OK for city: Djibouti
2025-09-19 23:53:23,979 INFO o.a.j.e.J.JSR223 PostProcessor: ✅ Data OK for city: Germany
2025-09-19 23:53:24,017 INFO o.a.j.t.JMeterThread: Thread is done: Thread Group WeatherAPI 1-51
2025-09-19 23:53:24,017 INFO o.a.j.t.JMeterThread: Thread finished: Thread Group WeatherAPI 1-51
2025-09-19 23:53:24,044 INFO o.a.j.e.J.JSR223 PostProcessor: ✅ Data OK for city: Greece
2025-09-19 23:53:24,045 WARN k.a.j.t.VariableThroughputTimer: No free threads available in current Thread Group Thread Group WeatherAPI, made 14 samples/s for expected rps 36.81818181818182 samples/s, increase your number of threads
2025-09-19 23:53:24,046 INFO o.a.j.e.J.JSR223 PostProcessor: ✅ Data OK for city: Ethiopia
2025-09-19 23:53:24,046 WARN k.a.j.t.VariableThroughputTimer: No free threads available in current Thread Group Thread Group WeatherAPI, made 27 samples/s for expected rps 30.0 samples/s, increase your number of threads
2025-09-19 23:53:24,069 INFO o.a.j.t.JMeterThread: Thread started: Thread Group WeatherAPI 1-58
2025-09-19 23:53:24,132 INFO o.a.j.e.J.JSR223 PostProcessor: ✅ Data OK for city: Guyana
2025-09-19 23:53:24,211 INFO o.a.j.e.J.JSR223 PostProcessor: ✅ Data OK for city: Grenada
2025-09-19 23:53:24,226 INFO o.a.j.e.J.JSR223 PostProcessor: ✅ Data OK for city: Gambia
2025-09-19 23:53:24,269 INFO o.a.j.t.JMeterThread: Thread started: Thread Group WeatherAPI 1-59
2025-09-19 23:53:24,308 INFO o.a.j.e.J.JSR223 PostProcessor: ✅ Data OK for city: Guinea
2025-09-19 23:53:24,308 INFO o.a.j.e.J.JSR223 PostProcessor: ✅ Data OK for city: Hungary
2025-09-19 23:53:24,333 INFO o.a.j.t.JMeterThread: Thread is done: Thread Group WeatherAPI 1-52
2025-09-19 23:53:24,333 INFO o.a.j.t.JMeterThread: Thread finished: Thread Group WeatherAPI 1-52
2025-09-19 23:53:24,360 INFO o.a.j.e.J.JSR223 PostProcessor: ✅ Data OK for city: Haiti
2025-09-19 23:53:24,443 INFO o.a.j.e.J.JSR223 PostProcessor: ✅ Data OK for city: Iraq
2025-09-19 23:53:24,445 INFO o.a.j.t.JMeterThread: Thread is done: Thread Group WeatherAPI 1-53
2025-09-19 23:53:24,445 INFO o.a.j.t.JMeterThread: Thread finished: Thread Group WeatherAPI 1-53
2025-09-19 23:53:24,468 INFO o.a.j.t.JMeterThread: Thread started: Thread Group WeatherAPI 1-60
2025-09-19 23:53:24,530 INFO o.a.j.e.J.JSR223 PostProcessor: ✅ Data OK for city: Indonesia
2025-09-19 23:53:24,530 INFO o.a.j.e.J.JSR223 PostProcessor: ✅ Data OK for city: India
2025-09-19 23:53:24,586 INFO o.a.j.e.J.JSR223 PostProcessor: ✅ Data OK for city: Italy
2025-09-19 23:53:24,586 INFO o.a.j.t.JMeterThread: Thread is done: Thread Group WeatherAPI 1-43
2025-09-19 23:53:24,586 INFO o.a.j.t.JMeterThread: Thread finished: Thread Group WeatherAPI 1-43
2025-09-19 23:53:24,589 INFO o.a.j.e.J.JSR223 PostProcessor: ✅ Data OK for city: Japan
2025-09-19 23:53:24,668 INFO o.a.j.t.JMeterThread: Thread started: Thread Group WeatherAPI 1-61
2025-09-19 23:53:24,759 INFO o.a.j.t.JMeterThread: Thread is done: Thread Group WeatherAPI 1-54
2025-09-19 23:53:24,759 INFO o.a.j.t.JMeterThread: Thread finished: Thread Group WeatherAPI 1-54
2025-09-19 23:53:24,759 INFO o.a.j.e.J.JSR223 PostProcessor: ✅ Data OK for city: Jamaica
2025-09-19 23:53:24,846 INFO o.a.j.e.J.JSR223 PostProcessor: ✅ Data OK for city: Kuwait
2025-09-19 23:53:24,860 INFO o.a.j.e.J.JSR223 PostProcessor: ✅ Data OK for city: Kenya
2025-09-19 23:53:24,870 INFO o.a.j.t.JMeterThread: Thread started: Thread Group WeatherAPI 1-62
2025-09-19 23:53:24,898 INFO o.a.j.t.JMeterThread: Thread is done: Thread Group WeatherAPI 1-56
2025-09-19 23:53:24,899 INFO o.a.j.t.JMeterThread: Thread finished: Thread Group WeatherAPI 1-56
2025-09-19 23:53:24,908 INFO o.a.j.e.J.JSR223 PostProcessor: ❌ No data found for city: Kiribati
2025-09-19 23:53:24,918 INFO o.a.j.e.J.JSR223 PostProcessor: ✅ Data OK for city: Laos
2025-09-19 23:53:24,997 INFO o.a.j.t.JMeterThread: Thread is done: Thread Group WeatherAPI 1-57
2025-09-19 23:53:24,997 INFO o.a.j.t.JMeterThread: Thread finished: Thread Group WeatherAPI 1-57
2025-09-19 23:53:24,999 INFO o.a.j.e.J.JSR223 PostProcessor: ✅ Data OK for city: Lesotho
2025-09-19 23:53:25,062 INFO o.a.j.e.J.JSR223 PostProcessor: ✅ Data OK for city: Libya
2025-09-19 23:53:25,063 WARN k.a.j.t.VariableThroughputTimer: No free threads available in current Thread Group Thread Group WeatherAPI, made 18 samples/s for expected rps 32.5 samples/s, increase your number of threads
2025-09-19 23:53:25,067 INFO o.a.j.t.JMeterThread: Thread started: Thread Group WeatherAPI 1-63
2025-09-19 23:53:25,067 WARN k.a.j.t.VariableThroughputTimer: No free threads available in current Thread Group Thread Group WeatherAPI, made 13 samples/s for expected rps 38.18181818181818 samples/s, increase your number of threads
2025-09-19 23:53:25,127 INFO o.a.j.e.J.JSR223 PostProcessor: ✅ Data OK for city: Luxembourg
2025-09-19 23:53:25,187 INFO o.a.j.e.J.JSR223 PostProcessor: ✅ Data OK for city: Malawi
2025-09-19 23:53:25,189 INFO o.a.j.t.JMeterThread: Thread is done: Thread Group WeatherAPI 1-58
2025-09-19 23:53:25,189 INFO o.a.j.t.JMeterThread: Thread finished: Thread Group WeatherAPI 1-58
2025-09-19 23:53:25,215 INFO o.a.j.e.J.JSR223 PostProcessor: ✅ Data OK for city: Latvia
2025-09-19 23:53:25,221 INFO o.a.j.e.J.JSR223 PostProcessor: ✅ Data OK for city: Liechtenstein
2025-09-19 23:53:25,266 INFO o.a.j.t.JMeterThread: Thread is done: Thread Group WeatherAPI 1-55
2025-09-19 23:53:25,266 INFO o.a.j.t.JMeterThread: Thread finished: Thread Group WeatherAPI 1-55
2025-09-19 23:53:25,268 INFO o.a.j.t.JMeterThread: Thread started: Thread Group WeatherAPI 1-64
2025-09-19 23:53:25,306 INFO o.a.j.e.J.JSR223 PostProcessor: ✅ Data OK for city: Mali
2025-09-19 23:53:25,387 INFO o.a.j.e.J.JSR223 PostProcessor: ✅ Data OK for city: Malaysia
2025-09-19 23:53:25,445 INFO o.a.j.e.J.JSR223 PostProcessor: ❌ No data found for city: Mexico
2025-09-19 23:53:25,446 INFO o.a.j.t.JMeterThread: Thread is done: Thread Group WeatherAPI 1-61
2025-09-19 23:53:25,446 INFO o.a.j.t.JMeterThread: Thread finished: Thread Group WeatherAPI 1-61
2025-09-19 23:53:25,467 INFO o.a.j.t.JMeterThread: Thread started: Thread Group WeatherAPI 1-65
2025-09-19 23:53:25,475 INFO o.a.j.e.J.JSR223 PostProcessor: ✅ Data OK for city: Marshall Islands
2025-09-19 23:53:25,526 INFO o.a.j.e.J.JSR223 PostProcessor: ✅ Data OK for city: Mauritania
2025-09-19 23:53:25,573 INFO o.a.j.t.JMeterThread: Thread is done: Thread Group WeatherAPI 1-59
2025-09-19 23:53:25,573 INFO o.a.j.t.JMeterThread: Thread finished: Thread Group WeatherAPI 1-59
2025-09-19 23:53:25,589 INFO o.a.j.e.J.JSR223 PostProcessor: ✅ Data OK for city: Montenegro
2025-09-19 23:53:25,651 INFO o.a.j.e.J.JSR223 PostProcessor: ✅ Data OK for city: Mozambique
2025-09-19 23:53:25,651 INFO o.a.j.e.J.JSR223 PostProcessor: ✅ Data OK for city: Moldova
2025-09-19 23:53:25,651 INFO o.a.j.t.JMeterThread: Thread is done: Thread Group WeatherAPI 1-62
2025-09-19 23:53:25,651 INFO o.a.j.t.JMeterThread: Thread finished: Thread Group WeatherAPI 1-62
2025-09-19 23:53:25,669 INFO o.a.j.t.JMeterThread: Thread started: Thread Group WeatherAPI 1-66
2025-09-19 23:53:25,748 INFO o.a.j.e.J.JSR223 PostProcessor: ✅ Data OK for city: Monaco
2025-09-19 23:53:25,829 INFO o.a.j.e.J.JSR223 PostProcessor: ✅ Data OK for city: Netherlands
2025-09-19 23:53:25,829 INFO o.a.j.t.JMeterThread: Thread is done: Thread Group WeatherAPI 1-60
2025-09-19 23:53:25,829 INFO o.a.j.t.JMeterThread: Thread finished: Thread Group WeatherAPI 1-60
2025-09-19 23:53:25,871 INFO o.a.j.t.JMeterThread: Thread started: Thread Group WeatherAPI 1-67
2025-09-19 23:53:25,871 INFO o.a.j.e.J.JSR223 PostProcessor: ✅ Data OK for city: Nauru
2025-09-19 23:53:25,898 INFO o.a.j.e.J.JSR223 PostProcessor: ✅ Data OK for city: Myanmar
2025-09-19 23:53:25,968 INFO o.a.j.e.J.JSR223 PostProcessor: ✅ Data OK for city: Niger
2025-09-19 23:53:25,970 INFO o.a.j.t.JMeterThread: Thread is done: Thread Group WeatherAPI 1-63
2025-09-19 23:53:25,970 INFO o.a.j.t.JMeterThread: Thread finished: Thread Group WeatherAPI 1-63
2025-09-19 23:53:26,059 WARN k.a.j.t.VariableThroughputTimer: No free threads available in current Thread Group Thread Group WeatherAPI, made 16 samples/s for expected rps 35.0 samples/s, increase your number of threads
2025-09-19 23:53:26,074 INFO o.a.j.t.JMeterThread: Thread started: Thread Group WeatherAPI 1-68
2025-09-19 23:53:26,157 WARN k.a.j.t.VariableThroughputTimer: No free threads available in current Thread Group Thread Group WeatherAPI, made 11 samples/s for expected rps 39.54545454545455 samples/s, increase your number of threads
2025-09-19 23:53:26,158 INFO o.a.j.e.J.JSR223 PostProcessor: ✅ Data OK for city: North Korea
2025-09-19 23:53:26,233 INFO o.a.j.e.J.JSR223 PostProcessor: ✅ Data OK for city: New Zealand
2025-09-19 23:53:26,233 INFO o.a.j.e.J.JSR223 PostProcessor: ✅ Data OK for city: Oman
2025-09-19 23:53:26,273 INFO o.a.j.t.JMeterThread: Thread started: Thread Group WeatherAPI 1-69
2025-09-19 23:53:26,290 INFO o.a.j.e.J.JSR223 PostProcessor: ✅ Data OK for city: Palau
2025-09-19 23:53:26,369 INFO o.a.j.t.JMeterThread: Thread is done: Thread Group WeatherAPI 1-65
2025-09-19 23:53:26,370 INFO o.a.j.t.JMeterThread: Thread finished: Thread Group WeatherAPI 1-65
2025-09-19 23:53:26,370 INFO o.a.j.e.J.JSR223 PostProcessor: ✅ Data OK for city: Papua New Guinea
2025-09-19 23:53:26,465 INFO o.a.j.e.J.JSR223 PostProcessor: ✅ Data OK for city: North Macedonia
2025-09-19 23:53:26,475 INFO o.a.j.t.JMeterThread: Thread started: Thread Group WeatherAPI 1-70
2025-09-19 23:53:26,529 INFO o.a.j.t.JMeterThread: Thread is done: Thread Group WeatherAPI 1-64
2025-09-19 23:53:26,529 INFO o.a.j.t.JMeterThread: Thread finished: Thread Group WeatherAPI 1-64
2025-09-19 23:53:26,556 INFO o.a.j.e.J.JSR223 PostProcessor: ✅ Data OK for city: Peru
2025-09-19 23:53:26,614 INFO o.a.j.e.J.JSR223 PostProcessor: ✅ Data OK for city: Portugal
2025-09-19 23:53:26,669 INFO o.a.j.t.JMeterThread: Thread started: Thread Group WeatherAPI 1-71
2025-09-19 23:53:26,691 INFO o.a.j.e.J.JSR223 PostProcessor: ✅ Data OK for city: Palestine
2025-09-19 23:53:26,792 INFO o.a.j.t.JMeterThread: Thread is done: Thread Group WeatherAPI 1-66
2025-09-19 23:53:26,793 INFO o.a.j.t.JMeterThread: Thread finished: Thread Group WeatherAPI 1-66
2025-09-19 23:53:26,835 INFO o.a.j.e.J.JSR223 PostProcessor: ✅ Data OK for city: Philippines
2025-09-19 23:53:26,869 INFO o.a.j.t.JMeterThread: Thread started: Thread Group WeatherAPI 1-72
2025-09-19 23:53:26,907 INFO o.a.j.e.J.JSR223 PostProcessor: ✅ Data OK for city: Romania
2025-09-19 23:53:26,909 INFO o.a.j.e.J.JSR223 PostProcessor: ✅ Data OK for city: Saint Kitts and Nevis
2025-09-19 23:53:26,980 INFO o.a.j.e.J.JSR223 PostProcessor: ✅ Data OK for city: Russia
2025-09-19 23:53:26,985 INFO o.a.j.e.J.JSR223 PostProcessor: ✅ Data OK for city: Saint Vincent and the Grenadines
2025-09-19 23:53:27,043 INFO o.a.j.e.J.JSR223 PostProcessor: ✅ Data OK for city: Sao Tome and Principe
2025-09-19 23:53:27,044 WARN k.a.j.t.VariableThroughputTimer: No free threads available in current Thread Group Thread Group WeatherAPI, made 15 samples/s for expected rps 37.5 samples/s, increase your number of threads
2025-09-19 23:53:27,067 INFO o.a.j.t.JMeterThread: Thread started: Thread Group WeatherAPI 1-73
2025-09-19 23:53:27,068 WARN k.a.j.t.VariableThroughputTimer: No free threads available in current Thread Group Thread Group WeatherAPI, made 10 samples/s for expected rps 40.90909090909091 samples/s, increase your number of threads
2025-09-19 23:53:27,108 INFO o.a.j.e.J.JSR223 PostProcessor: ✅ Data OK for city: Senegal
2025-09-19 23:53:27,143 INFO o.a.j.e.J.JSR223 PostProcessor: ✅ Data OK for city: Samoa
2025-09-19 23:53:27,181 INFO o.a.j.e.J.JSR223 PostProcessor: ✅ Data OK for city: Sierra Leone
2025-09-19 23:53:27,181 INFO o.a.j.t.JMeterThread: Thread is done: Thread Group WeatherAPI 1-69
2025-09-19 23:53:27,181 INFO o.a.j.t.JMeterThread: Thread finished: Thread Group WeatherAPI 1-69
2025-09-19 23:53:27,269 INFO o.a.j.t.JMeterThread: Thread started: Thread Group WeatherAPI 1-74
2025-09-19 23:53:27,330 INFO o.a.j.t.JMeterThread: Thread is done: Thread Group WeatherAPI 1-68
2025-09-19 23:53:27,330 INFO o.a.j.t.JMeterThread: Thread finished: Thread Group WeatherAPI 1-68
2025-09-19 23:53:27,331 INFO o.a.j.e.J.JSR223 PostProcessor: ✅ Data OK for city: Serbia
2025-09-19 23:53:27,331 INFO o.a.j.t.JMeterThread: Thread is done: Thread Group WeatherAPI 1-67
2025-09-19 23:53:27,331 INFO o.a.j.t.JMeterThread: Thread finished: Thread Group WeatherAPI 1-67
2025-09-19 23:53:27,469 INFO o.a.j.t.JMeterThread: Thread started: Thread Group WeatherAPI 1-75
2025-09-19 23:53:27,552 INFO o.a.j.e.J.JSR223 PostProcessor: ✅ Data OK for city: Slovenia
2025-09-19 23:53:27,562 INFO o.a.j.e.J.JSR223 PostProcessor: ✅ Data OK for city: Slovakia
2025-09-19 23:53:27,640 INFO o.a.j.e.J.JSR223 PostProcessor: ✅ Data OK for city: South Korea
2025-09-19 23:53:27,640 INFO o.a.j.t.JMeterThread: Thread is done: Thread Group WeatherAPI 1-71
2025-09-19 23:53:27,640 INFO o.a.j.t.JMeterThread: Thread finished: Thread Group WeatherAPI 1-71
2025-09-19 23:53:27,642 INFO o.a.j.t.JMeterThread: Thread is done: Thread Group WeatherAPI 1-70
2025-09-19 23:53:27,642 INFO o.a.j.t.JMeterThread: Thread finished: Thread Group WeatherAPI 1-70
2025-09-19 23:53:27,669 INFO o.a.j.t.JMeterThread: Thread started: Thread Group WeatherAPI 1-76
2025-09-19 23:53:27,699 INFO o.a.j.e.J.JSR223 PostProcessor: ✅ Data OK for city: Somalia
2025-09-19 23:53:27,761 INFO o.a.j.e.J.JSR223 PostProcessor: ✅ Data OK for city: Sri Lanka
2025-09-19 23:53:27,777 INFO o.a.j.e.J.JSR223 PostProcessor: ✅ Data OK for city: Suriname
2025-09-19 23:53:27,810 INFO o.a.j.e.J.JSR223 PostProcessor: ✅ Data OK for city: South Sudan
2025-09-19 23:53:27,870 INFO o.a.j.e.J.JSR223 PostProcessor: ✅ Data OK for city: Syria
2025-09-19 23:53:27,871 INFO o.a.j.t.JMeterThread: Thread started: Thread Group WeatherAPI 1-77
2025-09-19 23:53:27,930 INFO o.a.j.e.J.JSR223 PostProcessor: ✅ Data OK for city: Tajikistan
2025-09-19 23:53:27,987 INFO o.a.j.e.J.JSR223 PostProcessor: ✅ Data OK for city: Sweden
2025-09-19 23:53:27,997 INFO o.a.j.e.J.JSR223 PostProcessor: ✅ Data OK for city: Timor-Leste
2025-09-19 23:53:28,057 INFO o.a.j.e.J.JSR223 PostProcessor: ✅ Data OK for city: Tonga
2025-09-19 23:53:28,057 INFO o.a.j.t.JMeterThread: Thread is done: Thread Group WeatherAPI 1-73
2025-09-19 23:53:28,057 INFO o.a.j.t.JMeterThread: Thread finished: Thread Group WeatherAPI 1-73
2025-09-19 23:53:28,069 INFO o.a.j.t.JMeterThread: Thread started: Thread Group WeatherAPI 1-78
2025-09-19 23:53:28,069 WARN k.a.j.t.VariableThroughputTimer: No free threads available in current Thread Group Thread Group WeatherAPI, made 16 samples/s for expected rps 40.0 samples/s, increase your number of threads
2025-09-19 23:53:28,086 INFO o.a.j.t.JMeterThread: Thread is done: Thread Group WeatherAPI 1-72
2025-09-19 23:53:28,086 INFO o.a.j.t.JMeterThread: Thread finished: Thread Group WeatherAPI 1-72
2025-09-19 23:53:28,185 WARN k.a.j.t.VariableThroughputTimer: No free threads available in current Thread Group Thread Group WeatherAPI, made 10 samples/s for expected rps 42.27272727272727 samples/s, increase your number of threads
2025-09-19 23:53:28,235 INFO o.a.j.e.J.JSR223 PostProcessor: ✅ Data OK for city: Tanzania
2025-09-19 23:53:28,265 INFO o.a.j.e.J.JSR223 PostProcessor: ✅ Data OK for city: Turkey
2025-09-19 23:53:28,270 INFO o.a.j.t.JMeterThread: Thread started: Thread Group WeatherAPI 1-79
2025-09-19 23:53:28,357 INFO o.a.j.t.JMeterThread: Thread is done: Thread Group WeatherAPI 1-74
2025-09-19 23:53:28,357 INFO o.a.j.t.JMeterThread: Thread finished: Thread Group WeatherAPI 1-74
2025-09-19 23:53:28,357 INFO o.a.j.e.J.JSR223 PostProcessor: ✅ Data OK for city: Tuvalu
2025-09-19 23:53:28,436 INFO o.a.j.e.J.JSR223 PostProcessor: ✅ Data OK for city: Trinidad and Tobago
2025-09-19 23:53:28,470 INFO o.a.j.t.JMeterThread: Thread started: Thread Group WeatherAPI 1-80
2025-09-19 23:53:28,502 INFO o.a.j.e.J.JSR223 PostProcessor: ✅ Data OK for city: United Arab Emirates
2025-09-19 23:53:28,556 INFO o.a.j.e.J.JSR223 PostProcessor: ✅ Data OK for city: United States
2025-09-19 23:53:28,669 INFO o.a.j.t.JMeterThread: Thread started: Thread Group WeatherAPI 1-81
2025-09-19 23:53:28,677 INFO o.a.j.e.J.JSR223 PostProcessor: ✅ Data OK for city: Vanuatu
2025-09-19 23:53:28,677 INFO o.a.j.t.JMeterThread: Thread is done: Thread Group WeatherAPI 1-75
2025-09-19 23:53:28,678 INFO o.a.j.t.JMeterThread: Thread finished: Thread Group WeatherAPI 1-75
2025-09-19 23:53:28,679 INFO o.a.j.e.J.JSR223 PostProcessor: ✅ Data OK for city: Uganda
2025-09-19 23:53:28,721 INFO o.a.j.e.J.JSR223 PostProcessor: ✅ Data OK for city: Uruguay
2025-09-19 23:53:28,731 INFO o.a.j.e.J.JSR223 PostProcessor: ✅ Data OK for city: Venezuela
2025-09-19 23:53:28,731 INFO o.a.j.t.JMeterThread: Thread is done: Thread Group WeatherAPI 1-76
2025-09-19 23:53:28,731 INFO o.a.j.t.JMeterThread: Thread finished: Thread Group WeatherAPI 1-76
2025-09-19 23:53:28,868 INFO o.a.j.t.JMeterThread: Thread started: Thread Group WeatherAPI 1-82
2025-09-19 23:53:28,942 INFO o.a.j.e.J.JSR223 PostProcessor: ✅ Data OK for city: Vietnam
2025-09-19 23:53:28,953 INFO o.a.j.e.J.JSR223 PostProcessor: ✅ Data OK for city: country
2025-09-19 23:53:29,057 WARN k.a.j.t.VariableThroughputTimer: No free threads available in current Thread Group Thread Group WeatherAPI, made 13 samples/s for expected rps 42.5 samples/s, increase your number of threads
2025-09-19 23:53:29,070 INFO o.a.j.t.JMeterThread: Thread started: Thread Group WeatherAPI 1-83
2025-09-19 23:53:29,070 WARN k.a.j.t.VariableThroughputTimer: No free threads available in current Thread Group Thread Group WeatherAPI, made 9 samples/s for expected rps 43.63636363636364 samples/s, increase your number of threads
2025-09-19 23:53:29,125 INFO o.a.j.e.J.JSR223 PostProcessor: ✅ Data OK for city: Algeria
2025-09-19 23:53:29,131 INFO o.a.j.e.J.JSR223 PostProcessor: ✅ Data OK for city: Zambia
2025-09-19 23:53:29,131 INFO o.a.j.t.JMeterThread: Thread is done: Thread Group WeatherAPI 1-77
2025-09-19 23:53:29,131 INFO o.a.j.t.JMeterThread: Thread finished: Thread Group WeatherAPI 1-77
2025-09-19 23:53:29,163 INFO o.a.j.e.J.JSR223 PostProcessor: ✅ Data OK for city: Afghanistan
2025-09-19 23:53:29,183 INFO o.a.j.e.J.JSR223 PostProcessor: ✅ Data OK for city: Angola
2025-09-19 23:53:29,211 INFO o.a.j.e.J.JSR223 PostProcessor: ✅ Data OK for city: Antigua and Barbuda
2025-09-19 23:53:29,212 INFO o.a.j.t.JMeterThread: Thread is done: Thread Group WeatherAPI 1-78
2025-09-19 23:53:29,212 INFO o.a.j.t.JMeterThread: Thread finished: Thread Group WeatherAPI 1-78
2025-09-19 23:53:29,255 INFO o.a.j.e.J.JSR223 PostProcessor: ✅ Data OK for city: Armenia
2025-09-19 23:53:29,269 INFO o.a.j.t.JMeterThread: Thread started: Thread Group WeatherAPI 1-84
2025-09-19 23:53:29,319 INFO o.a.j.e.J.JSR223 PostProcessor: ✅ Data OK for city: Austria
2025-09-19 23:53:29,320 INFO o.a.j.t.JMeterThread: Thread is done: Thread Group WeatherAPI 1-81
2025-09-19 23:53:29,320 INFO o.a.j.t.JMeterThread: Thread finished: Thread Group WeatherAPI 1-81
2025-09-19 23:53:29,468 INFO o.a.j.t.JMeterThread: Thread started: Thread Group WeatherAPI 1-85
2025-09-19 23:53:29,474 INFO o.a.j.e.J.JSR223 PostProcessor: ✅ Data OK for city: Bahrain
2025-09-19 23:53:29,588 INFO o.a.j.t.JMeterThread: Thread is done: Thread Group WeatherAPI 1-80
2025-09-19 23:53:29,589 INFO o.a.j.t.JMeterThread: Thread finished: Thread Group WeatherAPI 1-80
2025-09-19 23:53:29,624 INFO o.a.j.e.J.JSR223 PostProcessor: ✅ Data OK for city: Azerbaijan
2025-09-19 23:53:29,659 INFO o.a.j.e.J.JSR223 PostProcessor: ✅ Data OK for city: Barbados
2025-09-19 23:53:29,669 INFO o.a.j.t.JMeterThread: Thread started: Thread Group WeatherAPI 1-86
2025-09-19 23:53:29,699 INFO o.a.j.e.J.JSR223 PostProcessor: ✅ Data OK for city: Belize
2025-09-19 23:53:29,699 INFO o.a.j.e.J.JSR223 PostProcessor: ✅ Data OK for city: Belarus
2025-09-19 23:53:29,835 INFO o.a.j.e.J.JSR223 PostProcessor: ✅ Data OK for city: Botswana
2025-09-19 23:53:29,835 INFO o.a.j.t.JMeterThread: Thread is done: Thread Group WeatherAPI 1-79
2025-09-19 23:53:29,835 INFO o.a.j.t.JMeterThread: Thread finished: Thread Group WeatherAPI 1-79
2025-09-19 23:53:29,852 INFO o.a.j.e.J.JSR223 PostProcessor: ✅ Data OK for city: Bhutan
2025-09-19 23:53:29,869 INFO o.a.j.t.JMeterThread: Thread started: Thread Group WeatherAPI 1-87
2025-09-19 23:53:29,931 INFO o.a.j.e.J.JSR223 PostProcessor: ✅ Data OK for city: Bolivia
2025-09-19 23:53:30,029 INFO o.a.j.e.J.JSR223 PostProcessor: ✅ Data OK for city: Burundi
2025-09-19 23:53:30,033 INFO o.a.j.r.Summariser: summary +    419 in 00:00:17 =   24.1/s Avg:   312 Min:    53 Max:  2235 Err:     2 (0.48%) Active: 6 Started: 87 Finished: 81
2025-09-19 23:53:30,034 INFO o.a.j.t.JMeterThread: Thread is done: Thread Group WeatherAPI 1-82
2025-09-19 23:53:30,034 INFO o.a.j.t.JMeterThread: Thread finished: Thread Group WeatherAPI 1-82
2025-09-19 23:53:30,069 INFO o.a.j.t.JMeterThread: Thread started: Thread Group WeatherAPI 1-88
2025-09-19 23:53:30,069 WARN k.a.j.t.VariableThroughputTimer: No free threads available in current Thread Group Thread Group WeatherAPI, made 16 samples/s for expected rps 45.0 samples/s, increase your number of threads
2025-09-19 23:53:30,072 INFO o.a.j.e.J.JSR223 PostProcessor: ✅ Data OK for city: Brunei
2025-09-19 23:53:30,072 WARN k.a.j.t.VariableThroughputTimer: No free threads available in current Thread Group Thread Group WeatherAPI, made 11 samples/s for expected rps 45.0 samples/s, increase your number of threads
2025-09-19 23:53:30,103 INFO o.a.j.e.J.JSR223 PostProcessor: ✅ Data OK for city: Bulgaria
2025-09-19 23:53:30,162 INFO o.a.j.e.J.JSR223 PostProcessor: ✅ Data OK for city: Central African Republic
2025-09-19 23:53:30,217 INFO o.a.j.e.J.JSR223 PostProcessor: ✅ Data OK for city: Chile
2025-09-19 23:53:30,269 INFO o.a.j.t.JMeterThread: Thread started: Thread Group WeatherAPI 1-89
2025-09-19 23:53:30,290 INFO o.a.j.e.J.JSR223 PostProcessor: ✅ Data OK for city: Cameroon
2025-09-19 23:53:30,290 INFO o.a.j.e.J.JSR223 PostProcessor: ✅ Data OK for city: Cambodia
2025-09-19 23:53:30,290 INFO o.a.j.t.JMeterThread: Thread is done: Thread Group WeatherAPI 1-83
2025-09-19 23:53:30,291 INFO o.a.j.t.JMeterThread: Thread finished: Thread Group WeatherAPI 1-83
2025-09-19 23:53:30,470 INFO o.a.j.t.JMeterThread: Thread started: Thread Group WeatherAPI 1-90
2025-09-19 23:53:30,475 INFO o.a.j.e.J.JSR223 PostProcessor: ✅ Data OK for city: China
2025-09-19 23:53:30,476 INFO o.a.j.t.JMeterThread: Thread is done: Thread Group WeatherAPI 1-85
2025-09-19 23:53:30,476 INFO o.a.j.t.JMeterThread: Thread finished: Thread Group WeatherAPI 1-85
2025-09-19 23:53:30,529 INFO o.a.j.e.J.JSR223 PostProcessor: ✅ Data OK for city: Congo
2025-09-19 23:53:30,529 INFO o.a.j.e.J.JSR223 PostProcessor: ✅ Data OK for city: Comoros
2025-09-19 23:53:30,529 INFO o.a.j.t.JMeterThread: Thread is done: Thread Group WeatherAPI 1-84
2025-09-19 23:53:30,530 INFO o.a.j.t.JMeterThread: Thread finished: Thread Group WeatherAPI 1-84
2025-09-19 23:53:30,534 INFO o.a.j.t.JMeterThread: Thread is done: Thread Group WeatherAPI 1-86
2025-09-19 23:53:30,534 INFO o.a.j.t.JMeterThread: Thread finished: Thread Group WeatherAPI 1-86
2025-09-19 23:53:30,606 INFO o.a.j.e.J.JSR223 PostProcessor: ✅ Data OK for city: Croatia
2025-09-19 23:53:30,668 INFO o.a.j.e.J.JSR223 PostProcessor: ✅ Data OK for city: Cyprus
2025-09-19 23:53:30,669 INFO o.a.j.t.JMeterThread: Thread started: Thread Group WeatherAPI 1-91
2025-09-19 23:53:30,868 INFO o.a.j.t.JMeterThread: Thread started: Thread Group WeatherAPI 1-92
2025-09-19 23:53:30,876 INFO o.a.j.e.J.JSR223 PostProcessor: ✅ Data OK for city: Costa Rica
2025-09-19 23:53:30,876 INFO o.a.j.e.J.JSR223 PostProcessor: ✅ Data OK for city: Djibouti
2025-09-19 23:53:30,882 INFO o.a.j.e.J.JSR223 PostProcessor: ✅ Data OK for city: Czech Republic
2025-09-19 23:53:30,937 INFO o.a.j.e.J.JSR223 PostProcessor: ✅ Data OK for city: Dominican Republic
2025-09-19 23:53:30,937 INFO o.a.j.e.J.JSR223 PostProcessor: ✅ Data OK for city: El Salvador
2025-09-19 23:53:30,938 INFO o.a.j.t.JMeterThread: Thread is done: Thread Group WeatherAPI 1-89
2025-09-19 23:53:30,938 INFO o.a.j.t.JMeterThread: Thread finished: Thread Group WeatherAPI 1-89
2025-09-19 23:53:31,043 INFO o.a.j.t.JMeterThread: Thread is done: Thread Group WeatherAPI 1-87
2025-09-19 23:53:31,043 INFO o.a.j.t.JMeterThread: Thread finished: Thread Group WeatherAPI 1-87
2025-09-19 23:53:31,069 INFO o.a.j.t.JMeterThread: Thread started: Thread Group WeatherAPI 1-93
2025-09-19 23:53:31,069 WARN k.a.j.t.VariableThroughputTimer: No free threads available in current Thread Group Thread Group WeatherAPI, made 15 samples/s for expected rps 47.5 samples/s, increase your number of threads
2025-09-19 23:53:31,167 INFO o.a.j.e.J.JSR223 PostProcessor: ✅ Data OK for city: Ecuador
2025-09-19 23:53:31,206 INFO o.a.j.t.JMeterThread: Thread is done: Thread Group WeatherAPI 1-88
2025-09-19 23:53:31,206 INFO o.a.j.t.JMeterThread: Thread finished: Thread Group WeatherAPI 1-88
2025-09-19 23:53:31,269 INFO o.a.j.t.JMeterThread: Thread started: Thread Group WeatherAPI 1-94
2025-09-19 23:53:31,270 WARN k.a.j.t.VariableThroughputTimer: No free threads available in current Thread Group Thread Group WeatherAPI, made 10 samples/s for expected rps 46.36363636363636 samples/s, increase your number of threads
2025-09-19 23:53:31,370 INFO o.a.j.e.J.JSR223 PostProcessor: ✅ Data OK for city: Eritrea
2025-09-19 23:53:31,394 INFO o.a.j.e.J.JSR223 PostProcessor: ✅ Data OK for city: Estonia
2025-09-19 23:53:31,427 INFO o.a.j.e.J.JSR223 PostProcessor: ✅ Data OK for city: Ethiopia
2025-09-19 23:53:31,462 INFO o.a.j.e.J.JSR223 PostProcessor: ✅ Data OK for city: Finland
2025-09-19 23:53:31,467 INFO o.a.j.t.JMeterThread: Thread started: Thread Group WeatherAPI 1-95
2025-09-19 23:53:31,526 INFO o.a.j.e.J.JSR223 PostProcessor: ✅ Data OK for city: Gambia
2025-09-19 23:53:31,526 INFO o.a.j.t.JMeterThread: Thread is done: Thread Group WeatherAPI 1-90
2025-09-19 23:53:31,526 INFO o.a.j.t.JMeterThread: Thread finished: Thread Group WeatherAPI 1-90
2025-09-19 23:53:31,595 INFO o.a.j.e.J.JSR223 PostProcessor: ✅ Data OK for city: Germany
2025-09-19 23:53:31,633 INFO o.a.j.e.J.JSR223 PostProcessor: ✅ Data OK for city: France
2025-09-19 23:53:31,669 INFO o.a.j.t.JMeterThread: Thread started: Thread Group WeatherAPI 1-96
2025-09-19 23:53:31,689 INFO o.a.j.e.J.JSR223 PostProcessor: ✅ Data OK for city: Grenada
2025-09-19 23:53:31,751 INFO o.a.j.e.J.JSR223 PostProcessor: ✅ Data OK for city: Guinea
2025-09-19 23:53:31,824 INFO o.a.j.e.J.JSR223 PostProcessor: ✅ Data OK for city: Ghana
2025-09-19 23:53:31,824 INFO o.a.j.e.J.JSR223 PostProcessor: ✅ Data OK for city: Guinea-Bissau
2025-09-19 23:53:31,824 INFO o.a.j.t.JMeterThread: Thread is done: Thread Group WeatherAPI 1-92
2025-09-19 23:53:31,824 INFO o.a.j.t.JMeterThread: Thread finished: Thread Group WeatherAPI 1-92
2025-09-19 23:53:31,869 INFO o.a.j.t.JMeterThread: Thread started: Thread Group WeatherAPI 1-97
2025-09-19 23:53:31,888 INFO o.a.j.e.J.JSR223 PostProcessor: ✅ Data OK for city: Haiti
2025-09-19 23:53:31,953 INFO o.a.j.e.J.JSR223 PostProcessor: ✅ Data OK for city: Hungary
2025-09-19 23:53:32,051 WARN k.a.j.t.VariableThroughputTimer: No free threads available in current Thread Group Thread Group WeatherAPI, made 8 samples/s for expected rps 47.72727272727273 samples/s, increase your number of threads
2025-09-19 23:53:32,069 INFO o.a.j.t.JMeterThread: Thread started: Thread Group WeatherAPI 1-98
2025-09-19 23:53:32,069 WARN k.a.j.t.VariableThroughputTimer: No free threads available in current Thread Group Thread Group WeatherAPI, made 14 samples/s for expected rps 50.0 samples/s, increase your number of threads
2025-09-19 23:53:32,097 INFO o.a.j.t.JMeterThread: Thread is done: Thread Group WeatherAPI 1-91
2025-09-19 23:53:32,097 INFO o.a.j.t.JMeterThread: Thread finished: Thread Group WeatherAPI 1-91
2025-09-19 23:53:32,172 INFO o.a.j.e.J.JSR223 PostProcessor: ✅ Data OK for city: Iceland
2025-09-19 23:53:32,270 INFO o.a.j.t.JMeterThread: Thread started: Thread Group WeatherAPI 1-99
2025-09-19 23:53:32,288 INFO o.a.j.t.JMeterThread: Thread is done: Thread Group WeatherAPI 1-95
2025-09-19 23:53:32,288 INFO o.a.j.t.JMeterThread: Thread finished: Thread Group WeatherAPI 1-95
2025-09-19 23:53:32,289 INFO o.a.j.e.J.JSR223 PostProcessor: ✅ Data OK for city: Indonesia
2025-09-19 23:53:32,297 INFO o.a.j.e.J.JSR223 PostProcessor: ✅ Data OK for city: Iraq
2025-09-19 23:53:32,364 INFO o.a.j.e.J.JSR223 PostProcessor: ✅ Data OK for city: Jamaica
2025-09-19 23:53:32,420 INFO o.a.j.e.J.JSR223 PostProcessor: ✅ Data OK for city: Jordan
2025-09-19 23:53:32,469 INFO o.a.j.t.JMeterThread: Thread started: Thread Group WeatherAPI 1-100
2025-09-19 23:53:32,630 INFO o.a.j.e.J.JSR223 PostProcessor: ✅ Data OK for city: Ireland
2025-09-19 23:53:32,633 INFO o.a.j.e.J.JSR223 PostProcessor: ✅ Data OK for city: Kazakhstan
2025-09-19 23:53:32,633 INFO o.a.j.t.JMeterThread: Thread is done: Thread Group WeatherAPI 1-97
2025-09-19 23:53:32,633 INFO o.a.j.t.JMeterThread: Thread finished: Thread Group WeatherAPI 1-97
2025-09-19 23:53:32,660 INFO o.a.j.e.J.JSR223 PostProcessor: ❌ No data found for city: Kiribati
2025-09-19 23:53:32,722 INFO o.a.j.e.J.JSR223 PostProcessor: ✅ Data OK for city: Kuwait
2025-09-19 23:53:32,723 INFO o.a.j.t.JMeterThread: Thread is done: Thread Group WeatherAPI 1-96
2025-09-19 23:53:32,723 INFO o.a.j.t.JMeterThread: Thread finished: Thread Group WeatherAPI 1-96
2025-09-19 23:53:32,949 INFO o.a.j.e.J.JSR223 PostProcessor: ✅ Data OK for city: Kyrgyzstan
2025-09-19 23:53:33,035 WARN k.a.j.t.VariableThroughputTimer: No free threads available in current Thread Group Thread Group WeatherAPI, made 7 samples/s for expected rps 49.09090909090909 samples/s, increase your number of threads
2025-09-19 23:53:33,035 INFO o.a.j.e.J.JSR223 PostProcessor: ✅ Data OK for city: Latvia
2025-09-19 23:53:33,036 WARN k.a.j.t.VariableThroughputTimer: No free threads available in current Thread Group Thread Group WeatherAPI, made 10 samples/s for expected rps 51.666666666666664 samples/s, increase your number of threads
2025-09-19 23:53:33,125 INFO o.a.j.e.J.JSR223 PostProcessor: ✅ Data OK for city: Lesotho
2025-09-19 23:53:33,126 INFO o.a.j.t.JMeterThread: Thread is done: Thread Group WeatherAPI 1-98
2025-09-19 23:53:33,126 INFO o.a.j.t.JMeterThread: Thread finished: Thread Group WeatherAPI 1-98
2025-09-19 23:53:33,219 INFO o.a.j.e.J.JSR223 PostProcessor: ✅ Data OK for city: Liechtenstein
2025-09-19 23:53:33,283 INFO o.a.j.e.J.JSR223 PostProcessor: ✅ Data OK for city: Luxembourg
2025-09-19 23:53:33,364 INFO o.a.j.e.J.JSR223 PostProcessor: ✅ Data OK for city: Liberia
2025-09-19 23:53:33,443 INFO o.a.j.e.J.JSR223 PostProcessor: ✅ Data OK for city: Malaysia
2025-09-19 23:53:33,532 INFO o.a.j.e.J.JSR223 PostProcessor: ✅ Data OK for city: Madagascar
2025-09-19 23:53:33,532 INFO o.a.j.t.JMeterThread: Thread is done: Thread Group WeatherAPI 1-99
2025-09-19 23:53:33,532 INFO o.a.j.t.JMeterThread: Thread finished: Thread Group WeatherAPI 1-99
2025-09-19 23:53:33,619 INFO o.a.j.t.JMeterThread: Thread is done: Thread Group WeatherAPI 1-94
2025-09-19 23:53:33,619 INFO o.a.j.t.JMeterThread: Thread finished: Thread Group WeatherAPI 1-94
2025-09-19 23:53:33,622 INFO o.a.j.e.J.JSR223 PostProcessor: ✅ Data OK for city: Mali
2025-09-19 23:53:33,622 INFO o.a.j.t.JMeterThread: Thread is done: Thread Group WeatherAPI 1-93
2025-09-19 23:53:33,622 INFO o.a.j.t.JMeterThread: Thread finished: Thread Group WeatherAPI 1-93
2025-09-19 23:53:33,680 INFO o.a.j.t.JMeterThread: Thread is done: Thread Group WeatherAPI 1-100
2025-09-19 23:53:33,680 INFO o.a.j.t.JMeterThread: Thread finished: Thread Group WeatherAPI 1-100
2025-09-19 23:53:33,680 INFO o.a.j.e.StandardJMeterEngine: Notifying test listeners of end of test
2025-09-19 23:53:33,681 INFO o.a.j.s.FileServer: Close: M:/JMeter/Jmeter Projects/WeatherAPI/cities.csv
2025-09-19 23:53:33,686 INFO o.a.j.r.Summariser: summary +     81 in 00:00:04 =   22.1/s Avg:   241 Min:    53 Max:  1699 Err:     1 (1.23%) Active: 0 Started: 100 Finished: 100
2025-09-19 23:53:33,686 INFO o.a.j.r.Summariser: summary =    500 in 00:00:21 =   23.8/s Avg:   301 Min:    53 Max:  2235 Err:     3 (0.60%)
2025-09-19 23:53:33,687 INFO o.a.j.JMeter: Generating Dashboard
2025-09-19 23:53:33,687 INFO o.a.j.r.d.ReportGenerator: Flushing result collector before report Generation
2025-09-19 23:53:33,723 INFO o.a.j.r.p.NormalizerSampleConsumer: Using format, 'ms', to parse timeStamp field
2025-09-19 23:53:33,938 INFO o.a.j.r.p.AbstractSampleConsumer: class org.apache.jmeter.report.processor.AggregateConsumer#stopProducing(): beginDate produced 0 samples
2025-09-19 23:53:33,938 INFO o.a.j.r.p.AbstractSampleConsumer: class org.apache.jmeter.report.processor.AggregateConsumer#stopProducing(): endDate produced 0 samples
2025-09-19 23:53:33,945 INFO o.a.j.r.p.AbstractSampleConsumer: class org.apache.jmeter.report.processor.ApdexSummaryConsumer#stopProducing(): apdexSummary produced 0 samples
2025-09-19 23:53:33,945 INFO o.a.j.r.p.AbstractSampleConsumer: class org.apache.jmeter.report.processor.RequestsSummaryConsumer#stopProducing(): requestsSummary produced 0 samples
2025-09-19 23:53:33,956 INFO o.a.j.r.p.AbstractSampleConsumer: class org.apache.jmeter.report.processor.StatisticsSummaryConsumer#stopProducing(): statisticsSummary produced 0 samples
2025-09-19 23:53:33,960 INFO o.a.j.r.p.AbstractSampleConsumer: class org.apache.jmeter.report.processor.Top5ErrorsBySamplerConsumer#stopProducing(): top5ErrorsBySampler produced 0 samples
2025-09-19 23:53:33,961 INFO o.a.j.r.p.AbstractSampleConsumer: class org.apache.jmeter.report.processor.ErrorsSummaryConsumer#stopProducing(): errorsSummary produced 0 samples
2025-09-19 23:53:33,961 INFO o.a.j.r.p.AbstractSampleConsumer: class org.apache.jmeter.report.processor.graph.impl.HitsPerSecondGraphConsumer#stopProducing(): hitsPerSecond produced 0 samples
2025-09-19 23:53:34,029 INFO o.a.j.r.p.AbstractSampleConsumer: class org.apache.jmeter.report.processor.graph.impl.LatencyVSRequestGraphConsumer#stopProducing(): latencyVsRequest produced 0 samples
2025-09-19 23:53:34,030 INFO o.a.j.r.p.AbstractSampleConsumer: class org.apache.jmeter.report.processor.graph.impl.SyntheticResponseTimeDistributionGraphConsumer#stopProducing(): syntheticResponseTimeDistribution produced 0 samples
2025-09-19 23:53:34,030 INFO o.a.j.r.p.AbstractSampleConsumer: class org.apache.jmeter.report.processor.graph.impl.BytesThroughputGraphConsumer#stopProducing(): bytesThroughputOverTime produced 0 samples
2025-09-19 23:53:34,030 INFO o.a.j.r.p.AbstractSampleConsumer: class org.apache.jmeter.report.processor.graph.impl.CodesPerSecondGraphConsumer#stopProducing(): codesPerSecond produced 0 samples
2025-09-19 23:53:34,065 INFO o.a.j.r.p.AbstractSampleConsumer: class org.apache.jmeter.report.processor.graph.impl.ResponseTimeVSRequestGraphConsumer#stopProducing(): responseTimeVsRequest produced 0 samples
2025-09-19 23:53:34,066 INFO o.a.j.r.p.AbstractSampleConsumer: class org.apache.jmeter.report.processor.FilterConsumer#stopProducing(): startIntervalControlerFilter produced 3500 samples
2025-09-19 23:53:34,066 INFO o.a.j.r.p.AbstractSampleConsumer: class org.apache.jmeter.report.processor.graph.impl.TotalTPSGraphConsumer#stopProducing(): totalTPS produced 0 samples
2025-09-19 23:53:34,066 INFO o.a.j.r.p.AbstractSampleConsumer: class org.apache.jmeter.report.processor.graph.impl.ActiveThreadsGraphConsumer#stopProducing(): activeThreadsOverTime produced 0 samples
2025-09-19 23:53:34,066 INFO o.a.j.r.p.AbstractSampleConsumer: class org.apache.jmeter.report.processor.graph.impl.TimeVSThreadGraphConsumer#stopProducing(): timeVsThreads produced 0 samples
2025-09-19 23:53:34,068 INFO o.a.j.r.p.AbstractSampleConsumer: class org.apache.jmeter.report.processor.graph.impl.ResponseTimeDistributionGraphConsumer#stopProducing(): responseTimeDistribution produced 0 samples
2025-09-19 23:53:34,068 INFO o.a.j.r.p.AbstractSampleConsumer: class org.apache.jmeter.report.processor.graph.impl.TransactionsPerSecondGraphConsumer#stopProducing(): transactionsPerSecond produced 0 samples
2025-09-19 23:53:34,068 INFO o.a.j.r.p.AbstractSampleConsumer: class org.apache.jmeter.report.processor.graph.impl.ResponseTimePercentilesGraphConsumer#stopProducing(): responseTimePercentiles produced 0 samples
2025-09-19 23:53:34,070 INFO o.a.j.r.p.AbstractSampleConsumer: class org.apache.jmeter.report.processor.graph.impl.ResponseTimePercentilesOverTimeGraphConsumer#stopProducing(): responseTimePercentilesOverTime produced 0 samples
2025-09-19 23:53:34,071 INFO o.a.j.r.p.AbstractSampleConsumer: class org.apache.jmeter.report.processor.graph.impl.ResponseTimeOverTimeGraphConsumer#stopProducing(): responseTimesOverTime produced 0 samples
2025-09-19 23:53:34,071 INFO o.a.j.r.p.AbstractSampleConsumer: class org.apache.jmeter.report.processor.graph.impl.ConnectTimeOverTimeGraphConsumer#stopProducing(): connectTimeOverTime produced 0 samples
2025-09-19 23:53:34,071 INFO o.a.j.r.p.AbstractSampleConsumer: class org.apache.jmeter.report.processor.graph.impl.LatencyOverTimeGraphConsumer#stopProducing(): latenciesOverTime produced 0 samples
2025-09-19 23:53:34,071 INFO o.a.j.r.p.AbstractSampleConsumer: class org.apache.jmeter.report.processor.FilterConsumer#stopProducing(): nameFilter produced 7500 samples
2025-09-19 23:53:34,071 INFO o.a.j.r.p.AbstractSampleConsumer: class org.apache.jmeter.report.processor.FilterConsumer#stopProducing(): dateRangeFilter produced 1500 samples
2025-09-19 23:53:34,071 INFO o.a.j.r.p.AbstractSampleConsumer: class org.apache.jmeter.report.processor.NormalizerSampleConsumer#stopProducing(): normalizer produced 500 samples
2025-09-19 23:53:34,072 INFO o.a.j.r.p.CsvFileSampleSource: produce(): 500 samples produced in 295ms on channel 0
2025-09-19 23:53:34,072 INFO o.a.j.r.d.ReportGenerator: Exporting data using exporter:'json' of className:'org.apache.jmeter.report.dashboard.JsonExporter'
2025-09-19 23:53:34,279 INFO o.a.j.r.d.JsonExporter: Found data for consumer statisticsSummary in context
2025-09-19 23:53:34,280 INFO o.a.j.r.d.JsonExporter: Creating statistics for overall
2025-09-19 23:53:34,280 INFO o.a.j.r.d.JsonExporter: Creating statistics for other transactions
2025-09-19 23:53:34,281 INFO o.a.j.r.d.JsonExporter: Checking output folder
2025-09-19 23:53:34,282 INFO o.a.j.r.d.JsonExporter: Writing statistics JSON to M:\JMeter\Jmeter Projects\WeatherAPI\.\report_500\statistics.json
2025-09-19 23:53:34,390 INFO o.a.j.r.d.ReportGenerator: Exporting data using exporter:'html' of className:'org.apache.jmeter.report.dashboard.HtmlTemplateExporter'
2025-09-19 23:53:34,396 INFO o.a.j.r.d.HtmlTemplateExporter: Will generate dashboard in folder: M:\JMeter\Jmeter Projects\WeatherAPI\.\report_500
2025-09-19 23:53:34,588 INFO o.a.j.r.d.HtmlTemplateExporter: Report will be generated in: M:\JMeter\Jmeter Projects\WeatherAPI\.\report_500, creating folder structure
2025-09-19 23:53:34,592 INFO o.a.j.r.d.TemplateVisitor: Copying folder from 'M:\JMeter\apache-jmeter-5.6.3\apache-jmeter-5.6.3\bin\report-template' to 'M:\JMeter\Jmeter Projects\WeatherAPI\.\report_500', got message: M:\JMeter\Jmeter Projects\WeatherAPI\.\report_500, found non empty folder with following content [M:\JMeter\Jmeter Projects\WeatherAPI\.\report_500\statistics.json], will be ignored
2025-09-19 23:53:35,090 INFO o.a.j.JMeter: Dashboard generated
